Checking if remote manifest is accessible...
Getting manifests from remote server...

Processing super-manifest https://github.com/cypresssemiconductorco/mtb-super-manifest/raw/v2.X/mtb-super-manifest-fv2.xml...
Successfully acquired the information.

Summary: 

BSP: CY8CPROTO-062-4343W
Template Application(s): Empty PSoC6 App
Application(s) Root Path: C:/Alen/GitHub_Denzerek/MTB_Workspace/PSoC_6

Press "Create" to create the selected application(s).
Collecting application data...

Summary: 

BSP: CY8CPROTO-062-4343W
Template Application(s): Empty PSoC6 App
Application(s) Root Path: C:/Alen/GitHub_Denzerek/MTB_Workspace/PSoC_6

Press "Create" to create the selected application(s).
Collecting application data...


Info: The following entered on the command line will create the exact same project as that created with the GUI tool:
C:/Users/Austina/ModusToolbox/tools_2.4/project-creator/project-creator-cli.exe --board-id CY8CPROTO-062-4343W --board-uri https://github.com/cypresssemiconductorco/TARGET_CY8CPROTO-062-4343W --board-commit latest-v2.X --app-id mtb-example-psoc6-empty-app --app-uri https://github.com/cypresssemiconductorco/mtb-example-psoc6-empty-app --app-commit latest-v2.X --cypress-tools C:/Users/Austina/ModusToolbox/tools_2.4 --target-dir C:/Alen/GitHub_Denzerek/MTB_Workspace/PSoC_6 --user-app-name ADC_DMA_Project --output-for-machine --use-modus-shell


==============================================================================
= Cloning 'mtb-example-psoc6-empty-app' =
==============================================================================
Cloning https://github.com/cypresssemiconductorco/mtb-example-psoc6-empty-app into C:/Alen/GitHub_Denzerek/MTB_Workspace/PSoC_6 directory...
env git clone --progress --origin cypress https://github.com/cypresssemiconductorco/mtb-example-psoc6-empty-app ADC_DMA_Project
Cloning into 'ADC_DMA_Project'...
fatal: unable to access 'https://github.com/cypresssemiconductorco/mtb-example-psoc6-empty-app/': OpenSSL SSL_connect: Connection reset by peer in connection to github.com:443 
Project "mtb-example-psoc6-empty-app" failed to create.

"git clone" failed.

Failed to create and export "ADC_DMA_Project" application.
Summary: 

BSP: CY8CPROTO-062-4343W
Template Application(s): Empty PSoC6 App
Application(s) Root Path: C:/Alen/GitHub_Denzerek/MTB_Workspace/PSoC_6

Press "Create" to create the selected application(s).

Collecting application data...
Info: The following entered on the command line will create the exact same project as that created with the GUI tool:
C:/Users/Austina/ModusToolbox/tools_2.4/project-creator/project-creator-cli.exe --board-id CY8CPROTO-062-4343W --board-uri https://github.com/cypresssemiconductorco/TARGET_CY8CPROTO-062-4343W --board-commit latest-v2.X --app-id mtb-example-psoc6-empty-app --app-uri https://github.com/cypresssemiconductorco/mtb-example-psoc6-empty-app --app-commit latest-v2.X --cypress-tools C:/Users/Austina/ModusToolbox/tools_2.4 --target-dir C:/Alen/GitHub_Denzerek/MTB_Workspace/PSoC_6 --user-app-name ADC_DMA_Project --output-for-machine --use-modus-shell


==============================================================================
= Cloning 'mtb-example-psoc6-empty-app' =
==============================================================================
Cloning https://github.com/cypresssemiconductorco/mtb-example-psoc6-empty-app into C:/Alen/GitHub_Denzerek/MTB_Workspace/PSoC_6 directory...
env git clone --progress --origin cypress https://github.com/cypresssemiconductorco/mtb-example-psoc6-empty-app ADC_DMA_Project
Cloning into 'ADC_DMA_Project'...
fatal: unable to access 'https://github.com/cypresssemiconductorco/mtb-example-psoc6-empty-app/': OpenSSL SSL_connect: Connection reset by peer in connection to github.com:443 

Project "mtb-example-psoc6-empty-app" failed to create.



"git clone" failed.

Failed to create and export "ADC_DMA_Project" application.Collecting application data...


Info: The following entered on the command line will create the exact same project as that created with the GUI tool:
C:/Users/Austina/ModusToolbox/tools_2.4/project-creator/project-creator-cli.exe --board-id CY8CPROTO-062-4343W --board-uri https://github.com/cypresssemiconductorco/TARGET_CY8CPROTO-062-4343W --board-commit latest-v2.X --app-id mtb-example-psoc6-empty-app --app-uri https://github.com/cypresssemiconductorco/mtb-example-psoc6-empty-app --app-commit latest-v2.X --cypress-tools C:/Users/Austina/ModusToolbox/tools_2.4 --target-dir C:/Alen/GitHub_Denzerek/MTB_Workspace/PSoC_6 --user-app-name ADC_DMA_Project --output-for-machine --use-modus-shell


==============================================================================
= Cloning 'mtb-example-psoc6-empty-app' =
==============================================================================
Cloning https://github.com/cypresssemiconductorco/mtb-example-psoc6-empty-app into C:/Alen/GitHub_Denzerek/MTB_Workspace/PSoC_6 directory...
env git clone --progress --origin cypress https://github.com/cypresssemiconductorco/mtb-example-psoc6-empty-app ADC_DMA_Project
Cloning into 'ADC_DMA_Project'...
remote: Enumerating objects: 34, done.        
remote: Counting objects: 100% (34/34), done.        
remote: Compressing objects: 100% (22/22), done.        
remote: Total 34 (delta 11), reused 28 (delta 8), pack-reused 0        
Receiving objects: 100% (34/34), 69.86 KiB | 3.49 MiB/s, done.
Resolving deltas: 100% (11/11), done.

Checking out latest-v2.X...
env git checkout --progress latest-v2.X
Note: switching to 'latest-v2.X'.

You are in 'detached HEAD' state. You can look around, make experimental
changes and commit them, and you can discard any commits you make in this
state without impacting any branches by switching back to a branch.

If you want to create a new branch to retain commits you create, you may
do so (now or later) by using -c with the switch command. Example:

  git switch -c <new-branch-name>

Or undo this operation with:

  git switch -

Turn off this advice by setting config variable advice.detachedHead to false

HEAD is now at 5e1f3c9 Upload mtb-example-psoc6-empty-app 2.1.0.114

==============================================================================
= Creating "TARGET_CY8CPROTO-062-4343W.mtb" file(s) =
==============================================================================
C:/Alen/GitHub_Denzerek/MTB_Workspace/PSoC_6/ADC_DMA_Project/deps/TARGET_CY8CPROTO-062-4343W.mtb was updated

==============================================================================
= Updating Makefile for "ADC_DMA_Project" =
==============================================================================

==============================================================================
= Applying the Latest Version Locking for "ADC_DMA_Project" =
==============================================================================
C:/Alen/GitHub_Denzerek/MTB_Workspace/PSoC_6/ADC_DMA_Project/deps/TARGET_CY8CPROTO-062-4343W.mtb was updated

==============================================================================
= Getting Dependencies for "ADC_DMA_Project" =
==============================================================================
C:/Users/Austina/ModusToolbox/tools_2.4/modus-shell/bin/make.exe getlibs CY_TOOLS_PATHS=C:/Users/Austina/ModusToolbox/tools_2.4
Tools Directory: C:/Users/Austina/ModusToolbox/tools_2.4

==============================================================================
= Importing libraries =
==============================================================================
Git is git version 2.33.0, found at /usr/bin/git

Resolving dependencies...
Checking if remote manifest is accessible...
Getting manifests from remote server...
Processing super-manifest https://github.com/cypresssemiconductorco/mtb-super-manifest/raw/v2.X/mtb-super-manifest-fv2.xml...
Successfully acquired the information.
INFO - Warning: Multiple versions of "core-make" requested. Keeping version "latest-v1.X" and discarding version "release-v1.9.0".
C:/Alen/GitHub_Denzerek/MTB_Workspace/PSoC_6/ADC_DMA_Project/libs/capsense.mtb was added
C:/Alen/GitHub_Denzerek/MTB_Workspace/PSoC_6/ADC_DMA_Project/libs/core-lib.mtb was added
C:/Alen/GitHub_Denzerek/MTB_Workspace/PSoC_6/ADC_DMA_Project/libs/core-make.mtb was added
C:/Alen/GitHub_Denzerek/MTB_Workspace/PSoC_6/ADC_DMA_Project/libs/mtb-hal-cat1.mtb was added
C:/Alen/GitHub_Denzerek/MTB_Workspace/PSoC_6/ADC_DMA_Project/libs/mtb-pdl-cat1.mtb was added
C:/Alen/GitHub_Denzerek/MTB_Workspace/PSoC_6/ADC_DMA_Project/libs/psoc6cm0p.mtb was added
C:/Alen/GitHub_Denzerek/MTB_Workspace/PSoC_6/ADC_DMA_Project/libs/recipe-make-cat1a.mtb was added
Dependencies resolved.

Searching application directory (.mtb)...
Found 8 .mtb file(s)
    Processing file "C:/Alen/GitHub_Denzerek/MTB_Workspace/PSoC_6/ADC_DMA_Project/deps/TARGET_CY8CPROTO-062-4343W.mtb"
    Processing file "C:/Alen/GitHub_Denzerek/MTB_Workspace/PSoC_6/ADC_DMA_Project/libs/capsense.mtb"
    Processing file "C:/Alen/GitHub_Denzerek/MTB_Workspace/PSoC_6/ADC_DMA_Project/libs/core-lib.mtb"
    Processing file "C:/Alen/GitHub_Denzerek/MTB_Workspace/PSoC_6/ADC_DMA_Project/libs/core-make.mtb"
    Processing file "C:/Alen/GitHub_Denzerek/MTB_Workspace/PSoC_6/ADC_DMA_Project/libs/mtb-hal-cat1.mtb"
    Processing file "C:/Alen/GitHub_Denzerek/MTB_Workspace/PSoC_6/ADC_DMA_Project/libs/mtb-pdl-cat1.mtb"
    Processing file "C:/Alen/GitHub_Denzerek/MTB_Workspace/PSoC_6/ADC_DMA_Project/libs/psoc6cm0p.mtb"
    Processing file "C:/Alen/GitHub_Denzerek/MTB_Workspace/PSoC_6/ADC_DMA_Project/libs/recipe-make-cat1a.mtb"
Libraries processed.
Created file "C:/Alen/GitHub_Denzerek/MTB_Workspace/PSoC_6/ADC_DMA_Project/libs/mtb.mk".


==============================================================================
= Import complete =
==============================================================================

Project "ADC_DMA_Project" created successfully.
==============================================================================
= Export "ADC_DMA_Project" application to Eclipse IDE for ModusToolbox™ =
==============================================================================
C:/Users/Austina/ModusToolbox/tools_2.4/modus-shell/bin/make.exe eclipse CY_IDE_PRJNAME=ADC_DMA_Project CY_MAKE_IDE=eclipse CY_MAKE_IDE_VERSION=2.4 CY_TOOLS_PATHS=C:/Users/Austina/ModusToolbox/tools_2.4
Tools Directory: C:/Users/Austina/ModusToolbox/tools_2.4
CY8CPROTO-062-4343W.mk: ./libs/TARGET_CY8CPROTO-062-4343W/CY8CPROTO-062-4343W.mk

Running device-configurator to update stale files...
Log file= "C:/Users/Austina/AppData/Local/Temp/device-configurator-cli/device-configurator-cli-20211219.232825.318-16972.log"
Command line= "C:/Users/Austina/ModusToolbox/tools_2.4/device-configurator/device-configurator-cli.exe --library ../mtb_shared/mtb-pdl-cat1/release-v2.3.1/devicesupport.xml --build ./libs/TARGET_CY8CPROTO-062-4343W/COMPONENT_BSP_DESIGN_MODUS/design.modus --check-mcu=CY8C624ABZI-S2D44 --check-coprocessors=CYW4343WKUBG --readonly"
INFO: The design file was last saved with a different version of the tools than was used to perform code generation. Last saved with: Tools Package 2.2.0.2790. Current: Tools Package 2.4.0.5972 (C:/Users/Austina/ModusToolbox/tools_2.4)
-> Generated device configuration file(s) in ./libs/TARGET_CY8CPROTO-062-4343W/COMPONENT_BSP_DESIGN_MODUS/GeneratedSource

Prebuild operations complete
Commencing build operations...

Tools Directory: C:/Users/Austina/ModusToolbox/tools_2.4
CY8CPROTO-062-4343W.mk: ./libs/TARGET_CY8CPROTO-062-4343W/CY8CPROTO-062-4343W.mk

Initializing build: mtb-example-psoc6-empty-app Debug CY8CPROTO-062-4343W GCC_ARM

Auto-discovery in progress...
-> Found 190 .c file(s)
-> Found 46 .S file(s)
-> Found 22 .s file(s)
-> Found 0 .cpp file(s)
-> Found 0 .o file(s)
-> Found 6 .a file(s)
-> Found 500 .h file(s)
-> Found 0 .hpp file(s)
-> Found 0 resource file(s)
Applying filters...
Auto-discovery complete

Constructing build rules...
Build rules construction complete

==============================================================================
= Generating IDE files =
==============================================================================

Generated Eclipse launch config files:  "ADC_DMA_Project Attach (JLink).launch" "ADC_DMA_Project Attach (KitProg3_MiniProg4).launch" "ADC_DMA_Project Debug (JLink).launch" "ADC_DMA_Project Debug (KitProg3_MiniProg4).launch" "ADC_DMA_Project Erase (JLink).launch" "ADC_DMA_Project Erase (KitProg3_MiniProg4).launch" "ADC_DMA_Project Program (JLink).launch" "ADC_DMA_Project Program (KitProg3_MiniProg4).launch"
  
The project "ADC_DMA_Project" was successfully exported to Eclipse IDE for ModusToolbox™.

Successfully created and exported "ADC_DMA_Project" application.
