--------------- Build Started: 10/29/2021 11:25:31 Project: CE220120_Blocking_Mode_Flash_Write, Configuration: ARM GCC 5.4-2016-q2-update Debug ---------------
The code generation step is up to date.
The compile step is up to date, no work needs to be done.
The link step is up to date, no work needs to be done.
arm-none-eabi-gcc.exe -mcpu=cortex-m4 -mfloat-abi=softfp -mfpu=fpv4-sp-d16 -mthumb -I. -IGenerated_Source\PSoC6 -IGenerated_Source\PSoC6\pdl\cmsis/include/ -IGenerated_Source\PSoC6\pdl\devices/psoc6/include/ -IGenerated_Source\PSoC6\pdl\devices/psoc6/include/ip/ -IGenerated_Source\PSoC6\pdl\drivers/peripheral/ -IGenerated_Source\PSoC6\pdl\drivers/peripheral/device/ -IGenerated_Source\PSoC6\pdl\drivers/peripheral/efuse/ -IGenerated_Source\PSoC6\pdl\drivers/peripheral/flash/ -IGenerated_Source\PSoC6\pdl\drivers/peripheral/gpio/ -IGenerated_Source\PSoC6\pdl\drivers/peripheral/ipc/ -IGenerated_Source\PSoC6\pdl\drivers/peripheral/lvd/ -IGenerated_Source\PSoC6\pdl\drivers/peripheral/profile/ -IGenerated_Source\PSoC6\pdl\drivers/peripheral/prot/ -IGenerated_Source\PSoC6\pdl\drivers/peripheral/scb/ -IGenerated_Source\PSoC6\pdl\drivers/peripheral/sysanalog/ -IGenerated_Source\PSoC6\pdl\drivers/peripheral/sysclk/ -IGenerated_Source\PSoC6\pdl\drivers/peripheral/sysint/ -IGenerated_Source\PSoC6\pdl\drivers/peripheral/syslib/ -IGenerated_Source\PSoC6\pdl\drivers/peripheral/syspm/ -IGenerated_Source\PSoC6\pdl\drivers/peripheral/systick/ -IGenerated_Source\PSoC6\pdl\drivers/peripheral/trigmux/ -IGenerated_Source\PSoC6\pdl\drivers/peripheral/wdt/ -IGenerated_Source\PSoC6\pdl\middleware/ -IGenerated_Source\PSoC6\pdl\utilities/ -Wa,-alh=.\CortexM4\ARM_GCC_541\Debug/main_cm4.lst -g -D DEBUG -D CY_CORE_ID=0 -D CY_PSOC_CREATOR_USED=1 -D CY8C6347BZI_BLD53 -Wall -ffunction-sections -ffat-lto-objects -Og -c main_cm4.c -o .\CortexM4\ARM_GCC_541\Debug\main_cm4.o
main_cm4.c:77:31: warning: initialization from incompatible pointer type [-Wincompatible-pointer-types]
 const flashData_s *flashData= (int16_t *)CALCULATE_FLASH_ADDRESS(LAST_FLASH_ROW);
                               ^
main_cm4.c: In function 'main':
main_cm4.c:128:12: warning: format '%X' expects argument of type 'unsigned int', but argument 2 has type 'const flashData_s * {aka const struct <anonymous> *}' [-Wformat=]
     printf("\r\nAccessing flash location : %X",flashData);
            ^
main_cm4.c:128:12: warning: format '%X' expects argument of type 'unsigned int', but argument 2 has type 'const flashData_s * {aka const struct <anonymous> *}' [-Wformat=]
arm-none-eabi-gcc.exe -Wl,--start-group -o C:\Alen\GitHub_Denzerek\MTB_Workspace\PSoC_6\flashwriteCode\CE220120_Blocking_Mode_Flash_Write.cydsn\CortexM4\ARM_GCC_541\Debug\CE220120_Blocking_Mode_Flash_Write_link.elf .\CortexM4\ARM_GCC_541\Debug\startup_psoc6_01_cm4.o .\CortexM4\ARM_GCC_541\Debug\main_cm4.o .\CortexM4\ARM_GCC_541\Debug\system_psoc6_cm4.o .\CortexM4\ARM_GCC_541\Debug\stdio_user.o .\CortexM4\ARM_GCC_541\Debug\cyfitter_sysint_cfg.o .\CortexM4\ARM_GCC_541\Debug\cymetadata.o .\CortexM4\ARM_GCC_541\Debug\cy_sysint.o .\CortexM4\ARM_GCC_541\Debug\cy_ipc_drv.o .\CortexM4\ARM_GCC_541\Debug\cy_ipc_sema.o .\CortexM4\ARM_GCC_541\Debug\cy_ipc_pipe.o .\CortexM4\ARM_GCC_541\Debug\cy_sysclk.o .\CortexM4\ARM_GCC_541\Debug\cy_wdt.o .\CortexM4\ARM_GCC_541\Debug\cy_efuse.o .\CortexM4\ARM_GCC_541\Debug\cy_flash.o .\CortexM4\ARM_GCC_541\Debug\cy_gpio.o .\CortexM4\ARM_GCC_541\Debug\cy_sysanalog.o .\CortexM4\ARM_GCC_541\Debug\cy_syspm.o .\CortexM4\ARM_GCC_541\Debug\cy_syslib.o .\CortexM4\ARM_GCC_541\Debug\cy_syslib_gcc.o .\CortexM4\ARM_GCC_541\Debug\cy_trigmux.o .\CortexM4\ARM_GCC_541\Debug\cy_systick.o .\CortexM4\ARM_GCC_541\Debug\cy_profile.o .\CortexM4\ARM_GCC_541\Debug\cy_prot.o .\CortexM4\ARM_GCC_541\Debug\cy_lvd.o .\CortexM4\ARM_GCC_541\Debug\cy_scb_common.o .\CortexM4\ARM_GCC_541\Debug\cy_scb_i2c.o .\CortexM4\ARM_GCC_541\Debug\cy_scb_ezi2c.o .\CortexM4\ARM_GCC_541\Debug\cy_scb_spi.o .\CortexM4\ARM_GCC_541\Debug\cy_scb_uart.o .\CortexM4\ARM_GCC_541\Debug\cy_device.o .\CortexM4\ARM_GCC_541\Debug\cy_ble_clk.o .\CortexM4\ARM_GCC_541\Debug\retarget.o .\CortexM4\ARM_GCC_541\Debug\UART_1.o -mcpu=cortex-m4 -mfloat-abi=softfp -mfpu=fpv4-sp-d16 -mthumb -L Generated_Source\PSoC6 -Wl,-Map,.\CortexM4\ARM_GCC_541\Debug/CE220120_Blocking_Mode_Flash_Write.map -T cy8c6xx7_cm4_dual.ld -specs=nano.specs -Wl,--gc-sections -g -ffunction-sections -Og -ffat-lto-objects -Wl,--end-group
"C:\Program Files (x86)\Cypress\PDL\3.1.5\tools\win\elf\cymcuelftool.exe" --sign C:\Alen\GitHub_Denzerek\MTB_Workspace\PSoC_6\flashwriteCode\CE220120_Blocking_Mode_Flash_Write.cydsn\CortexM4\ARM_GCC_541\Debug\CE220120_Blocking_Mode_Flash_Write_link.elf --output C:\Alen\GitHub_Denzerek\MTB_Workspace\PSoC_6\flashwriteCode\CE220120_Blocking_Mode_Flash_Write.cydsn\CortexM4\ARM_GCC_541\Debug\CE220120_Blocking_Mode_Flash_Write_signed.elf --hex C:\Alen\GitHub_Denzerek\MTB_Workspace\PSoC_6\flashwriteCode\CE220120_Blocking_Mode_Flash_Write.cydsn\CortexM4\ARM_GCC_541\Debug\CE220120_Blocking_Mode_Flash_Write_signed.hex
No ELF section .cychecksum found, creating one
Application checksum calculated and stored in ELF section .cychecksum
Checksum calculated and stored in ELF section .cymeta
"C:\Program Files (x86)\Cypress\PDL\3.1.5\tools\win\elf\cymcuelftool.exe" --merge C:\Alen\GitHub_Denzerek\MTB_Workspace\PSoC_6\flashwriteCode\CE220120_Blocking_Mode_Flash_Write.cydsn\CortexM4\ARM_GCC_541\Debug\CE220120_Blocking_Mode_Flash_Write_signed.elf C:\Alen\GitHub_Denzerek\MTB_Workspace\PSoC_6\flashwriteCode\CE220120_Blocking_Mode_Flash_Write.cydsn\CortexM0p\ARM_GCC_541\Debug\CE220120_Blocking_Mode_Flash_Write.elf --output C:\Alen\GitHub_Denzerek\MTB_Workspace\PSoC_6\flashwriteCode\CE220120_Blocking_Mode_Flash_Write.cydsn\CortexM4\ARM_GCC_541\Debug\CE220120_Blocking_Mode_Flash_Write.elf --hex C:\Alen\GitHub_Denzerek\MTB_Workspace\PSoC_6\flashwriteCode\CE220120_Blocking_Mode_Flash_Write.cydsn\CortexM4\ARM_GCC_541\Debug\CE220120_Blocking_Mode_Flash_Write.hex
Application checksum calculated and stored in ELF section .cychecksum
Checksum calculated and stored in ELF section .cymeta
"C:\Program Files (x86)\Cypress\PDL\3.1.5\tools\win\elf\cymcuelftool.exe" -A C:\Alen\GitHub_Denzerek\MTB_Workspace\PSoC_6\flashwriteCode\CE220120_Blocking_Mode_Flash_Write.cydsn\CortexM4\ARM_GCC_541\Debug\CE220120_Blocking_Mode_Flash_Write.elf
code:34252	sram:2888
--------------- Build Succeeded: 10/29/2021 11:25:35 ---------------
