ARM GAS  C:\Users\Austina\AppData\Local\Temp\ccliOVo7.s 			page 1


   1              		.syntax unified
   2              		.cpu cortex-m0plus
   3              		.fpu softvfp
   4              		.eabi_attribute 20, 1
   5              		.eabi_attribute 21, 1
   6              		.eabi_attribute 23, 3
   7              		.eabi_attribute 24, 1
   8              		.eabi_attribute 25, 1
   9              		.eabi_attribute 26, 1
  10              		.eabi_attribute 30, 1
  11              		.eabi_attribute 34, 0
  12              		.eabi_attribute 18, 4
  13              		.thumb
  14              		.syntax unified
  15              		.file	"main_cm0p.c"
  16              		.text
  17              	.Ltext0:
  18              		.cfi_sections	.debug_frame
  19              		.section	.text.main,"ax",%progbits
  20              		.align	2
  21              		.global	main
  22              		.code	16
  23              		.thumb_func
  24              		.type	main, %function
  25              	main:
  26              	.LFB392:
  27              		.file 1 "main_cm0p.c"
   1:main_cm0p.c   **** /*******************************************************************************
   2:main_cm0p.c   **** * File Name: main_cm0p.c
   3:main_cm0p.c   **** *
   4:main_cm0p.c   **** * Version: 1.20
   5:main_cm0p.c   **** *
   6:main_cm0p.c   **** * Description: The code in this file is executed by CM0+. CM0+ enables CM4 to
   7:main_cm0p.c   **** *              start the execution. Refer to main_cm4.c file for the actual
   8:main_cm0p.c   **** *              implementation of this project. 
   9:main_cm0p.c   **** *
  10:main_cm0p.c   **** * Related Document: CE220120.pdf
  11:main_cm0p.c   **** *
  12:main_cm0p.c   **** * Hardware Dependency: CY8CKIT-062-BLE PSoC 6 BLE Pioneer Kit
  13:main_cm0p.c   **** *
  14:main_cm0p.c   **** ********************************************************************************
  15:main_cm0p.c   **** * Copyright (2017-2020), Cypress Semiconductor Corporation.
  16:main_cm0p.c   **** ********************************************************************************
  17:main_cm0p.c   **** * This software is owned by Cypress Semiconductor Corporation (Cypress) and is
  18:main_cm0p.c   **** * protected by and subject to worldwide patent protection (United States and
  19:main_cm0p.c   **** * foreign), United States copyright laws and international treaty provisions.
  20:main_cm0p.c   **** * Cypress hereby grants to licensee a personal, non-exclusive, non-transferable
  21:main_cm0p.c   **** * license to copy, use, modify, create derivative works of, and compile the
  22:main_cm0p.c   **** * Cypress Source Code and derivative works for the sole purpose of creating
  23:main_cm0p.c   **** * custom software in support of licensee product to be used only in conjunction
  24:main_cm0p.c   **** * with a Cypress integrated circuit as specified in the applicable agreement.
  25:main_cm0p.c   **** * Any reproduction, modification, translation, compilation, or representation of
  26:main_cm0p.c   **** * this software except as specified above is prohibited without the express
  27:main_cm0p.c   **** * written permission of Cypress.
  28:main_cm0p.c   **** *
  29:main_cm0p.c   **** * Disclaimer: CYPRESS MAKES NO WARRANTY OF ANY KIND, EXPRESS OR IMPLIED, WITH
  30:main_cm0p.c   **** * REGARD TO THIS MATERIAL, INCLUDING, BUT NOT LIMITED TO, THE IMPLIED
ARM GAS  C:\Users\Austina\AppData\Local\Temp\ccliOVo7.s 			page 2


  31:main_cm0p.c   **** * WARRANTIES OF MERCHANTABILITY AND FITNESS FOR A PARTICULAR PURPOSE.
  32:main_cm0p.c   **** * Cypress reserves the right to make changes without further notice to the
  33:main_cm0p.c   **** * materials described herein. Cypress does not assume any liability arising out
  34:main_cm0p.c   **** * of the application or use of any product or circuit described herein. Cypress
  35:main_cm0p.c   **** * does not authorize its products for use as critical components in life-support
  36:main_cm0p.c   **** * systems where a malfunction or failure may reasonably be expected to result in
  37:main_cm0p.c   **** * significant injury to the user. The inclusion of Cypress' product in a life-
  38:main_cm0p.c   **** * support systems application implies that the manufacturer assumes all risk of
  39:main_cm0p.c   **** * such use and in doing so indemnifies Cypress against all charges. Use may be
  40:main_cm0p.c   **** * limited by and subject to the applicable Cypress software license agreement.
  41:main_cm0p.c   **** *******************************************************************************/
  42:main_cm0p.c   **** 
  43:main_cm0p.c   **** #include "project.h"
  44:main_cm0p.c   **** 
  45:main_cm0p.c   **** /*******************************************************************************
  46:main_cm0p.c   **** * Function Name: main
  47:main_cm0p.c   **** ********************************************************************************
  48:main_cm0p.c   **** *
  49:main_cm0p.c   **** * Summary: This is the main entry for Cortex-M0+. This function enables the 
  50:main_cm0p.c   **** * Cortex-M4 and puts the Cortex-M0+ in deep sleep mode to save power.
  51:main_cm0p.c   **** *
  52:main_cm0p.c   **** * Parameters:
  53:main_cm0p.c   **** *  None
  54:main_cm0p.c   **** *
  55:main_cm0p.c   **** * Return:
  56:main_cm0p.c   **** *  None
  57:main_cm0p.c   **** *
  58:main_cm0p.c   **** * Side Effects:
  59:main_cm0p.c   **** *  None  
  60:main_cm0p.c   **** *
  61:main_cm0p.c   **** *******************************************************************************/
  62:main_cm0p.c   **** 
  63:main_cm0p.c   **** int main(void)
  64:main_cm0p.c   **** {
  28              		.loc 1 64 0
  29              		.cfi_startproc
  30              		@ Volatile: function does not return.
  31              		@ args = 0, pretend = 0, frame = 0
  32              		@ frame_needed = 0, uses_anonymous_args = 0
  33 0000 10B5     		push	{r4, lr}
  34              		.cfi_def_cfa_offset 8
  35              		.cfi_offset 4, -8
  36              		.cfi_offset 14, -4
  37              	.LBB4:
  38              	.LBB5:
  39              		.file 2 "Generated_Source\\PSoC6\\pdl\\cmsis/include/cmsis_gcc.h"
   1:Generated_Source\PSoC6\pdl\cmsis/include/cmsis_gcc.h **** /**************************************************************************//**
   2:Generated_Source\PSoC6\pdl\cmsis/include/cmsis_gcc.h ****  * @file     cmsis_gcc.h
   3:Generated_Source\PSoC6\pdl\cmsis/include/cmsis_gcc.h ****  * @brief    CMSIS compiler GCC header file
   4:Generated_Source\PSoC6\pdl\cmsis/include/cmsis_gcc.h ****  * @version  V5.0.3
   5:Generated_Source\PSoC6\pdl\cmsis/include/cmsis_gcc.h ****  * @date     16. January 2018
   6:Generated_Source\PSoC6\pdl\cmsis/include/cmsis_gcc.h ****  ******************************************************************************/
   7:Generated_Source\PSoC6\pdl\cmsis/include/cmsis_gcc.h **** /*
   8:Generated_Source\PSoC6\pdl\cmsis/include/cmsis_gcc.h ****  * Copyright (c) 2009-2017 ARM Limited. All rights reserved.
   9:Generated_Source\PSoC6\pdl\cmsis/include/cmsis_gcc.h ****  *
  10:Generated_Source\PSoC6\pdl\cmsis/include/cmsis_gcc.h ****  * SPDX-License-Identifier: Apache-2.0
  11:Generated_Source\PSoC6\pdl\cmsis/include/cmsis_gcc.h ****  *
ARM GAS  C:\Users\Austina\AppData\Local\Temp\ccliOVo7.s 			page 3


  12:Generated_Source\PSoC6\pdl\cmsis/include/cmsis_gcc.h ****  * Licensed under the Apache License, Version 2.0 (the License); you may
  13:Generated_Source\PSoC6\pdl\cmsis/include/cmsis_gcc.h ****  * not use this file except in compliance with the License.
  14:Generated_Source\PSoC6\pdl\cmsis/include/cmsis_gcc.h ****  * You may obtain a copy of the License at
  15:Generated_Source\PSoC6\pdl\cmsis/include/cmsis_gcc.h ****  *
  16:Generated_Source\PSoC6\pdl\cmsis/include/cmsis_gcc.h ****  * www.apache.org/licenses/LICENSE-2.0
  17:Generated_Source\PSoC6\pdl\cmsis/include/cmsis_gcc.h ****  *
  18:Generated_Source\PSoC6\pdl\cmsis/include/cmsis_gcc.h ****  * Unless required by applicable law or agreed to in writing, software
  19:Generated_Source\PSoC6\pdl\cmsis/include/cmsis_gcc.h ****  * distributed under the License is distributed on an AS IS BASIS, WITHOUT
  20:Generated_Source\PSoC6\pdl\cmsis/include/cmsis_gcc.h ****  * WARRANTIES OR CONDITIONS OF ANY KIND, either express or implied.
  21:Generated_Source\PSoC6\pdl\cmsis/include/cmsis_gcc.h ****  * See the License for the specific language governing permissions and
  22:Generated_Source\PSoC6\pdl\cmsis/include/cmsis_gcc.h ****  * limitations under the License.
  23:Generated_Source\PSoC6\pdl\cmsis/include/cmsis_gcc.h ****  */
  24:Generated_Source\PSoC6\pdl\cmsis/include/cmsis_gcc.h **** 
  25:Generated_Source\PSoC6\pdl\cmsis/include/cmsis_gcc.h **** #ifndef __CMSIS_GCC_H
  26:Generated_Source\PSoC6\pdl\cmsis/include/cmsis_gcc.h **** #define __CMSIS_GCC_H
  27:Generated_Source\PSoC6\pdl\cmsis/include/cmsis_gcc.h **** 
  28:Generated_Source\PSoC6\pdl\cmsis/include/cmsis_gcc.h **** /* ignore some GCC warnings */
  29:Generated_Source\PSoC6\pdl\cmsis/include/cmsis_gcc.h **** #pragma GCC diagnostic push
  30:Generated_Source\PSoC6\pdl\cmsis/include/cmsis_gcc.h **** #pragma GCC diagnostic ignored "-Wsign-conversion"
  31:Generated_Source\PSoC6\pdl\cmsis/include/cmsis_gcc.h **** #pragma GCC diagnostic ignored "-Wconversion"
  32:Generated_Source\PSoC6\pdl\cmsis/include/cmsis_gcc.h **** #pragma GCC diagnostic ignored "-Wunused-parameter"
  33:Generated_Source\PSoC6\pdl\cmsis/include/cmsis_gcc.h **** 
  34:Generated_Source\PSoC6\pdl\cmsis/include/cmsis_gcc.h **** /* Fallback for __has_builtin */
  35:Generated_Source\PSoC6\pdl\cmsis/include/cmsis_gcc.h **** #ifndef __has_builtin
  36:Generated_Source\PSoC6\pdl\cmsis/include/cmsis_gcc.h ****   #define __has_builtin(x) (0)
  37:Generated_Source\PSoC6\pdl\cmsis/include/cmsis_gcc.h **** #endif
  38:Generated_Source\PSoC6\pdl\cmsis/include/cmsis_gcc.h **** 
  39:Generated_Source\PSoC6\pdl\cmsis/include/cmsis_gcc.h **** /* CMSIS compiler specific defines */
  40:Generated_Source\PSoC6\pdl\cmsis/include/cmsis_gcc.h **** #ifndef   __ASM
  41:Generated_Source\PSoC6\pdl\cmsis/include/cmsis_gcc.h ****   #define __ASM                                  __asm
  42:Generated_Source\PSoC6\pdl\cmsis/include/cmsis_gcc.h **** #endif
  43:Generated_Source\PSoC6\pdl\cmsis/include/cmsis_gcc.h **** #ifndef   __INLINE
  44:Generated_Source\PSoC6\pdl\cmsis/include/cmsis_gcc.h ****   #define __INLINE                               inline
  45:Generated_Source\PSoC6\pdl\cmsis/include/cmsis_gcc.h **** #endif
  46:Generated_Source\PSoC6\pdl\cmsis/include/cmsis_gcc.h **** #ifndef   __STATIC_INLINE
  47:Generated_Source\PSoC6\pdl\cmsis/include/cmsis_gcc.h ****   #define __STATIC_INLINE                        static inline
  48:Generated_Source\PSoC6\pdl\cmsis/include/cmsis_gcc.h **** #endif
  49:Generated_Source\PSoC6\pdl\cmsis/include/cmsis_gcc.h **** #ifndef   __STATIC_FORCEINLINE                 
  50:Generated_Source\PSoC6\pdl\cmsis/include/cmsis_gcc.h ****   #define __STATIC_FORCEINLINE                   __attribute__((always_inline)) static inline
  51:Generated_Source\PSoC6\pdl\cmsis/include/cmsis_gcc.h **** #endif                                           
  52:Generated_Source\PSoC6\pdl\cmsis/include/cmsis_gcc.h **** #ifndef   __NO_RETURN
  53:Generated_Source\PSoC6\pdl\cmsis/include/cmsis_gcc.h ****   #define __NO_RETURN                            __attribute__((__noreturn__))
  54:Generated_Source\PSoC6\pdl\cmsis/include/cmsis_gcc.h **** #endif
  55:Generated_Source\PSoC6\pdl\cmsis/include/cmsis_gcc.h **** #ifndef   __USED
  56:Generated_Source\PSoC6\pdl\cmsis/include/cmsis_gcc.h ****   #define __USED                                 __attribute__((used))
  57:Generated_Source\PSoC6\pdl\cmsis/include/cmsis_gcc.h **** #endif
  58:Generated_Source\PSoC6\pdl\cmsis/include/cmsis_gcc.h **** #ifndef   __WEAK
  59:Generated_Source\PSoC6\pdl\cmsis/include/cmsis_gcc.h ****   #define __WEAK                                 __attribute__((weak))
  60:Generated_Source\PSoC6\pdl\cmsis/include/cmsis_gcc.h **** #endif
  61:Generated_Source\PSoC6\pdl\cmsis/include/cmsis_gcc.h **** #ifndef   __PACKED
  62:Generated_Source\PSoC6\pdl\cmsis/include/cmsis_gcc.h ****   #define __PACKED                               __attribute__((packed, aligned(1)))
  63:Generated_Source\PSoC6\pdl\cmsis/include/cmsis_gcc.h **** #endif
  64:Generated_Source\PSoC6\pdl\cmsis/include/cmsis_gcc.h **** #ifndef   __PACKED_STRUCT
  65:Generated_Source\PSoC6\pdl\cmsis/include/cmsis_gcc.h ****   #define __PACKED_STRUCT                        struct __attribute__((packed, aligned(1)))
  66:Generated_Source\PSoC6\pdl\cmsis/include/cmsis_gcc.h **** #endif
  67:Generated_Source\PSoC6\pdl\cmsis/include/cmsis_gcc.h **** #ifndef   __PACKED_UNION
  68:Generated_Source\PSoC6\pdl\cmsis/include/cmsis_gcc.h ****   #define __PACKED_UNION                         union __attribute__((packed, aligned(1)))
ARM GAS  C:\Users\Austina\AppData\Local\Temp\ccliOVo7.s 			page 4


  69:Generated_Source\PSoC6\pdl\cmsis/include/cmsis_gcc.h **** #endif
  70:Generated_Source\PSoC6\pdl\cmsis/include/cmsis_gcc.h **** #ifndef   __UNALIGNED_UINT32        /* deprecated */
  71:Generated_Source\PSoC6\pdl\cmsis/include/cmsis_gcc.h ****   #pragma GCC diagnostic push
  72:Generated_Source\PSoC6\pdl\cmsis/include/cmsis_gcc.h ****   #pragma GCC diagnostic ignored "-Wpacked"
  73:Generated_Source\PSoC6\pdl\cmsis/include/cmsis_gcc.h ****   #pragma GCC diagnostic ignored "-Wattributes"
  74:Generated_Source\PSoC6\pdl\cmsis/include/cmsis_gcc.h ****   struct __attribute__((packed)) T_UINT32 { uint32_t v; };
  75:Generated_Source\PSoC6\pdl\cmsis/include/cmsis_gcc.h ****   #pragma GCC diagnostic pop
  76:Generated_Source\PSoC6\pdl\cmsis/include/cmsis_gcc.h ****   #define __UNALIGNED_UINT32(x)                  (((struct T_UINT32 *)(x))->v)
  77:Generated_Source\PSoC6\pdl\cmsis/include/cmsis_gcc.h **** #endif
  78:Generated_Source\PSoC6\pdl\cmsis/include/cmsis_gcc.h **** #ifndef   __UNALIGNED_UINT16_WRITE
  79:Generated_Source\PSoC6\pdl\cmsis/include/cmsis_gcc.h ****   #pragma GCC diagnostic push
  80:Generated_Source\PSoC6\pdl\cmsis/include/cmsis_gcc.h ****   #pragma GCC diagnostic ignored "-Wpacked"
  81:Generated_Source\PSoC6\pdl\cmsis/include/cmsis_gcc.h ****   #pragma GCC diagnostic ignored "-Wattributes"
  82:Generated_Source\PSoC6\pdl\cmsis/include/cmsis_gcc.h ****   __PACKED_STRUCT T_UINT16_WRITE { uint16_t v; };
  83:Generated_Source\PSoC6\pdl\cmsis/include/cmsis_gcc.h ****   #pragma GCC diagnostic pop
  84:Generated_Source\PSoC6\pdl\cmsis/include/cmsis_gcc.h ****   #define __UNALIGNED_UINT16_WRITE(addr, val)    (void)((((struct T_UINT16_WRITE *)(void *)(addr))-
  85:Generated_Source\PSoC6\pdl\cmsis/include/cmsis_gcc.h **** #endif
  86:Generated_Source\PSoC6\pdl\cmsis/include/cmsis_gcc.h **** #ifndef   __UNALIGNED_UINT16_READ
  87:Generated_Source\PSoC6\pdl\cmsis/include/cmsis_gcc.h ****   #pragma GCC diagnostic push
  88:Generated_Source\PSoC6\pdl\cmsis/include/cmsis_gcc.h ****   #pragma GCC diagnostic ignored "-Wpacked"
  89:Generated_Source\PSoC6\pdl\cmsis/include/cmsis_gcc.h ****   #pragma GCC diagnostic ignored "-Wattributes"
  90:Generated_Source\PSoC6\pdl\cmsis/include/cmsis_gcc.h ****   __PACKED_STRUCT T_UINT16_READ { uint16_t v; };
  91:Generated_Source\PSoC6\pdl\cmsis/include/cmsis_gcc.h ****   #pragma GCC diagnostic pop
  92:Generated_Source\PSoC6\pdl\cmsis/include/cmsis_gcc.h ****   #define __UNALIGNED_UINT16_READ(addr)          (((const struct T_UINT16_READ *)(const void *)(add
  93:Generated_Source\PSoC6\pdl\cmsis/include/cmsis_gcc.h **** #endif
  94:Generated_Source\PSoC6\pdl\cmsis/include/cmsis_gcc.h **** #ifndef   __UNALIGNED_UINT32_WRITE
  95:Generated_Source\PSoC6\pdl\cmsis/include/cmsis_gcc.h ****   #pragma GCC diagnostic push
  96:Generated_Source\PSoC6\pdl\cmsis/include/cmsis_gcc.h ****   #pragma GCC diagnostic ignored "-Wpacked"
  97:Generated_Source\PSoC6\pdl\cmsis/include/cmsis_gcc.h ****   #pragma GCC diagnostic ignored "-Wattributes"
  98:Generated_Source\PSoC6\pdl\cmsis/include/cmsis_gcc.h ****   __PACKED_STRUCT T_UINT32_WRITE { uint32_t v; };
  99:Generated_Source\PSoC6\pdl\cmsis/include/cmsis_gcc.h ****   #pragma GCC diagnostic pop
 100:Generated_Source\PSoC6\pdl\cmsis/include/cmsis_gcc.h ****   #define __UNALIGNED_UINT32_WRITE(addr, val)    (void)((((struct T_UINT32_WRITE *)(void *)(addr))-
 101:Generated_Source\PSoC6\pdl\cmsis/include/cmsis_gcc.h **** #endif
 102:Generated_Source\PSoC6\pdl\cmsis/include/cmsis_gcc.h **** #ifndef   __UNALIGNED_UINT32_READ
 103:Generated_Source\PSoC6\pdl\cmsis/include/cmsis_gcc.h ****   #pragma GCC diagnostic push
 104:Generated_Source\PSoC6\pdl\cmsis/include/cmsis_gcc.h ****   #pragma GCC diagnostic ignored "-Wpacked"
 105:Generated_Source\PSoC6\pdl\cmsis/include/cmsis_gcc.h ****   #pragma GCC diagnostic ignored "-Wattributes"
 106:Generated_Source\PSoC6\pdl\cmsis/include/cmsis_gcc.h ****   __PACKED_STRUCT T_UINT32_READ { uint32_t v; };
 107:Generated_Source\PSoC6\pdl\cmsis/include/cmsis_gcc.h ****   #pragma GCC diagnostic pop
 108:Generated_Source\PSoC6\pdl\cmsis/include/cmsis_gcc.h ****   #define __UNALIGNED_UINT32_READ(addr)          (((const struct T_UINT32_READ *)(const void *)(add
 109:Generated_Source\PSoC6\pdl\cmsis/include/cmsis_gcc.h **** #endif
 110:Generated_Source\PSoC6\pdl\cmsis/include/cmsis_gcc.h **** #ifndef   __ALIGNED
 111:Generated_Source\PSoC6\pdl\cmsis/include/cmsis_gcc.h ****   #define __ALIGNED(x)                           __attribute__((aligned(x)))
 112:Generated_Source\PSoC6\pdl\cmsis/include/cmsis_gcc.h **** #endif
 113:Generated_Source\PSoC6\pdl\cmsis/include/cmsis_gcc.h **** #ifndef   __RESTRICT
 114:Generated_Source\PSoC6\pdl\cmsis/include/cmsis_gcc.h ****   #define __RESTRICT                             __restrict
 115:Generated_Source\PSoC6\pdl\cmsis/include/cmsis_gcc.h **** #endif
 116:Generated_Source\PSoC6\pdl\cmsis/include/cmsis_gcc.h **** 
 117:Generated_Source\PSoC6\pdl\cmsis/include/cmsis_gcc.h **** 
 118:Generated_Source\PSoC6\pdl\cmsis/include/cmsis_gcc.h **** /* ###########################  Core Function Access  ########################### */
 119:Generated_Source\PSoC6\pdl\cmsis/include/cmsis_gcc.h **** /** \ingroup  CMSIS_Core_FunctionInterface
 120:Generated_Source\PSoC6\pdl\cmsis/include/cmsis_gcc.h ****     \defgroup CMSIS_Core_RegAccFunctions CMSIS Core Register Access Functions
 121:Generated_Source\PSoC6\pdl\cmsis/include/cmsis_gcc.h ****   @{
 122:Generated_Source\PSoC6\pdl\cmsis/include/cmsis_gcc.h ****  */
 123:Generated_Source\PSoC6\pdl\cmsis/include/cmsis_gcc.h **** 
 124:Generated_Source\PSoC6\pdl\cmsis/include/cmsis_gcc.h **** /**
 125:Generated_Source\PSoC6\pdl\cmsis/include/cmsis_gcc.h ****   \brief   Enable IRQ Interrupts
ARM GAS  C:\Users\Austina\AppData\Local\Temp\ccliOVo7.s 			page 5


 126:Generated_Source\PSoC6\pdl\cmsis/include/cmsis_gcc.h ****   \details Enables IRQ interrupts by clearing the I-bit in the CPSR.
 127:Generated_Source\PSoC6\pdl\cmsis/include/cmsis_gcc.h ****            Can only be executed in Privileged modes.
 128:Generated_Source\PSoC6\pdl\cmsis/include/cmsis_gcc.h ****  */
 129:Generated_Source\PSoC6\pdl\cmsis/include/cmsis_gcc.h **** __STATIC_FORCEINLINE void __enable_irq(void)
 130:Generated_Source\PSoC6\pdl\cmsis/include/cmsis_gcc.h **** {
 131:Generated_Source\PSoC6\pdl\cmsis/include/cmsis_gcc.h ****   __ASM volatile ("cpsie i" : : : "memory");
  40              		.loc 2 131 0
  41              		.syntax divided
  42              	@ 131 "Generated_Source\PSoC6\pdl\cmsis/include/cmsis_gcc.h" 1
  43 0002 62B6     		cpsie i
  44              	@ 0 "" 2
  45              		.thumb
  46              		.syntax unified
  47              	.LBE5:
  48              	.LBE4:
  65:main_cm0p.c   ****     __enable_irq(); /* Enable global interrupts. */
  66:main_cm0p.c   ****     
  67:main_cm0p.c   ****     /* Enable CM4.  CY_CORTEX_M4_APPL_ADDR must be updated if CM4 memory layout is changed. */
  68:main_cm0p.c   ****     Cy_SysEnableCM4(CY_CORTEX_M4_APPL_ADDR); 
  49              		.loc 1 68 0
  50 0004 0348     		ldr	r0, .L3
  51 0006 FFF7FEFF 		bl	Cy_SysEnableCM4
  52              	.LVL0:
  53              	.L2:
  69:main_cm0p.c   **** 
  70:main_cm0p.c   ****     for(;;)
  71:main_cm0p.c   ****     {
  72:main_cm0p.c   ****         /* Put CPU into deep sleep mode to save power. This puts only CM0+ into
  73:main_cm0p.c   ****          * deep sleep. Device enters deep sleep only when both the cores enter
  74:main_cm0p.c   ****          * deep sleep.
  75:main_cm0p.c   ****          */
  76:main_cm0p.c   ****         Cy_SysPm_DeepSleep(CY_SYSPM_WAIT_FOR_INTERRUPT);
  54              		.loc 1 76 0 discriminator 1
  55 000a 0020     		movs	r0, #0
  56 000c FFF7FEFF 		bl	Cy_SysPm_CpuEnterDeepSleep
  57              	.LVL1:
  58 0010 FBE7     		b	.L2
  59              	.L4:
  60 0012 C046     		.align	2
  61              	.L3:
  62 0014 00000810 		.word	268959744
  63              		.cfi_endproc
  64              	.LFE392:
  65              		.size	main, .-main
  66              		.text
  67              	.Letext0:
  68              		.file 3 "c:\\program files (x86)\\cypress\\psoc creator\\4.4\\psoc creator\\import\\gnu\\arm\\5.4.
  69              		.file 4 "c:\\program files (x86)\\cypress\\psoc creator\\4.4\\psoc creator\\import\\gnu\\arm\\5.4.
  70              		.file 5 "Generated_Source\\PSoC6\\pdl\\drivers/peripheral/device/cy_device.h"
  71              		.file 6 "Generated_Source\\PSoC6\\pdl\\drivers/peripheral/scb/cy_scb_uart.h"
  72              		.file 7 "Generated_Source\\PSoC6/UART_1.h"
  73              		.file 8 "./system_psoc6.h"
  74              		.file 9 "Generated_Source\\PSoC6\\pdl\\drivers/peripheral/syspm/cy_syspm.h"
  75              		.section	.debug_info,"",%progbits
  76              	.Ldebug_info0:
  77 0000 A4060000 		.4byte	0x6a4
  78 0004 0400     		.2byte	0x4
ARM GAS  C:\Users\Austina\AppData\Local\Temp\ccliOVo7.s 			page 6


  79 0006 00000000 		.4byte	.Ldebug_abbrev0
  80 000a 04       		.byte	0x4
  81 000b 01       		.uleb128 0x1
  82 000c 5B060000 		.4byte	.LASF132
  83 0010 0C       		.byte	0xc
  84 0011 7A000000 		.4byte	.LASF133
  85 0015 54040000 		.4byte	.LASF134
  86 0019 00000000 		.4byte	.Ldebug_ranges0+0
  87 001d 00000000 		.4byte	0
  88 0021 00000000 		.4byte	.Ldebug_line0
  89 0025 02       		.uleb128 0x2
  90 0026 02       		.byte	0x2
  91 0027 05       		.byte	0x5
  92 0028 01060000 		.4byte	.LASF0
  93 002c 02       		.uleb128 0x2
  94 002d 01       		.byte	0x1
  95 002e 08       		.byte	0x8
  96 002f DF050000 		.4byte	.LASF1
  97 0033 02       		.uleb128 0x2
  98 0034 01       		.byte	0x1
  99 0035 06       		.byte	0x6
 100 0036 79010000 		.4byte	.LASF2
 101 003a 03       		.uleb128 0x3
 102 003b 94000000 		.4byte	.LASF3
 103 003f 03       		.byte	0x3
 104 0040 1D       		.byte	0x1d
 105 0041 2C000000 		.4byte	0x2c
 106 0045 03       		.uleb128 0x3
 107 0046 BA020000 		.4byte	.LASF4
 108 004a 03       		.byte	0x3
 109 004b 29       		.byte	0x29
 110 004c 25000000 		.4byte	0x25
 111 0050 03       		.uleb128 0x3
 112 0051 18070000 		.4byte	.LASF5
 113 0055 03       		.byte	0x3
 114 0056 2B       		.byte	0x2b
 115 0057 5B000000 		.4byte	0x5b
 116 005b 02       		.uleb128 0x2
 117 005c 02       		.byte	0x2
 118 005d 07       		.byte	0x7
 119 005e 7B070000 		.4byte	.LASF6
 120 0062 02       		.uleb128 0x2
 121 0063 04       		.byte	0x4
 122 0064 05       		.byte	0x5
 123 0065 DC010000 		.4byte	.LASF7
 124 0069 03       		.uleb128 0x3
 125 006a 84020000 		.4byte	.LASF8
 126 006e 03       		.byte	0x3
 127 006f 41       		.byte	0x41
 128 0070 74000000 		.4byte	0x74
 129 0074 02       		.uleb128 0x2
 130 0075 04       		.byte	0x4
 131 0076 07       		.byte	0x7
 132 0077 48030000 		.4byte	.LASF9
 133 007b 02       		.uleb128 0x2
 134 007c 08       		.byte	0x8
 135 007d 05       		.byte	0x5
ARM GAS  C:\Users\Austina\AppData\Local\Temp\ccliOVo7.s 			page 7


 136 007e 6B010000 		.4byte	.LASF10
 137 0082 02       		.uleb128 0x2
 138 0083 08       		.byte	0x8
 139 0084 07       		.byte	0x7
 140 0085 F0000000 		.4byte	.LASF11
 141 0089 04       		.uleb128 0x4
 142 008a 04       		.byte	0x4
 143 008b 05       		.byte	0x5
 144 008c 696E7400 		.ascii	"int\000"
 145 0090 02       		.uleb128 0x2
 146 0091 04       		.byte	0x4
 147 0092 07       		.byte	0x7
 148 0093 0C030000 		.4byte	.LASF12
 149 0097 03       		.uleb128 0x3
 150 0098 1E080000 		.4byte	.LASF13
 151 009c 04       		.byte	0x4
 152 009d 18       		.byte	0x18
 153 009e 3A000000 		.4byte	0x3a
 154 00a2 03       		.uleb128 0x3
 155 00a3 63010000 		.4byte	.LASF14
 156 00a7 04       		.byte	0x4
 157 00a8 20       		.byte	0x20
 158 00a9 45000000 		.4byte	0x45
 159 00ad 03       		.uleb128 0x3
 160 00ae 19030000 		.4byte	.LASF15
 161 00b2 04       		.byte	0x4
 162 00b3 24       		.byte	0x24
 163 00b4 50000000 		.4byte	0x50
 164 00b8 03       		.uleb128 0x3
 165 00b9 3D060000 		.4byte	.LASF16
 166 00bd 04       		.byte	0x4
 167 00be 30       		.byte	0x30
 168 00bf 69000000 		.4byte	0x69
 169 00c3 02       		.uleb128 0x2
 170 00c4 04       		.byte	0x4
 171 00c5 07       		.byte	0x7
 172 00c6 DA040000 		.4byte	.LASF17
 173 00ca 05       		.uleb128 0x5
 174 00cb B8000000 		.4byte	0xb8
 175 00cf 02       		.uleb128 0x2
 176 00d0 08       		.byte	0x8
 177 00d1 04       		.byte	0x4
 178 00d2 ED060000 		.4byte	.LASF18
 179 00d6 06       		.uleb128 0x6
 180 00d7 B8       		.byte	0xb8
 181 00d8 05       		.byte	0x5
 182 00d9 34       		.byte	0x34
 183 00da E7040000 		.4byte	0x4e7
 184 00de 07       		.uleb128 0x7
 185 00df D7000000 		.4byte	.LASF19
 186 00e3 05       		.byte	0x5
 187 00e4 37       		.byte	0x37
 188 00e5 B8000000 		.4byte	0xb8
 189 00e9 00       		.byte	0
 190 00ea 07       		.uleb128 0x7
 191 00eb 79020000 		.4byte	.LASF20
 192 00ef 05       		.byte	0x5
ARM GAS  C:\Users\Austina\AppData\Local\Temp\ccliOVo7.s 			page 8


 193 00f0 38       		.byte	0x38
 194 00f1 B8000000 		.4byte	0xb8
 195 00f5 04       		.byte	0x4
 196 00f6 07       		.uleb128 0x7
 197 00f7 02020000 		.4byte	.LASF21
 198 00fb 05       		.byte	0x5
 199 00fc 39       		.byte	0x39
 200 00fd B8000000 		.4byte	0xb8
 201 0101 08       		.byte	0x8
 202 0102 07       		.uleb128 0x7
 203 0103 D1050000 		.4byte	.LASF22
 204 0107 05       		.byte	0x5
 205 0108 3A       		.byte	0x3a
 206 0109 B8000000 		.4byte	0xb8
 207 010d 0C       		.byte	0xc
 208 010e 07       		.uleb128 0x7
 209 010f 9A010000 		.4byte	.LASF23
 210 0113 05       		.byte	0x5
 211 0114 3B       		.byte	0x3b
 212 0115 B8000000 		.4byte	0xb8
 213 0119 10       		.byte	0x10
 214 011a 07       		.uleb128 0x7
 215 011b D2010000 		.4byte	.LASF24
 216 011f 05       		.byte	0x5
 217 0120 3C       		.byte	0x3c
 218 0121 B8000000 		.4byte	0xb8
 219 0125 14       		.byte	0x14
 220 0126 07       		.uleb128 0x7
 221 0127 84030000 		.4byte	.LASF25
 222 012b 05       		.byte	0x5
 223 012c 3D       		.byte	0x3d
 224 012d B8000000 		.4byte	0xb8
 225 0131 18       		.byte	0x18
 226 0132 07       		.uleb128 0x7
 227 0133 71000000 		.4byte	.LASF26
 228 0137 05       		.byte	0x5
 229 0138 3E       		.byte	0x3e
 230 0139 B8000000 		.4byte	0xb8
 231 013d 1C       		.byte	0x1c
 232 013e 07       		.uleb128 0x7
 233 013f 87080000 		.4byte	.LASF27
 234 0143 05       		.byte	0x5
 235 0144 3F       		.byte	0x3f
 236 0145 B8000000 		.4byte	0xb8
 237 0149 20       		.byte	0x20
 238 014a 07       		.uleb128 0x7
 239 014b 57050000 		.4byte	.LASF28
 240 014f 05       		.byte	0x5
 241 0150 40       		.byte	0x40
 242 0151 B8000000 		.4byte	0xb8
 243 0155 24       		.byte	0x24
 244 0156 07       		.uleb128 0x7
 245 0157 47040000 		.4byte	.LASF29
 246 015b 05       		.byte	0x5
 247 015c 43       		.byte	0x43
 248 015d 97000000 		.4byte	0x97
 249 0161 28       		.byte	0x28
ARM GAS  C:\Users\Austina\AppData\Local\Temp\ccliOVo7.s 			page 9


 250 0162 07       		.uleb128 0x7
 251 0163 57000000 		.4byte	.LASF30
 252 0167 05       		.byte	0x5
 253 0168 44       		.byte	0x44
 254 0169 97000000 		.4byte	0x97
 255 016d 29       		.byte	0x29
 256 016e 07       		.uleb128 0x7
 257 016f 7D080000 		.4byte	.LASF31
 258 0173 05       		.byte	0x5
 259 0174 45       		.byte	0x45
 260 0175 97000000 		.4byte	0x97
 261 0179 2A       		.byte	0x2a
 262 017a 07       		.uleb128 0x7
 263 017b 49050000 		.4byte	.LASF32
 264 017f 05       		.byte	0x5
 265 0180 46       		.byte	0x46
 266 0181 97000000 		.4byte	0x97
 267 0185 2B       		.byte	0x2b
 268 0186 07       		.uleb128 0x7
 269 0187 E4030000 		.4byte	.LASF33
 270 018b 05       		.byte	0x5
 271 018c 47       		.byte	0x47
 272 018d 97000000 		.4byte	0x97
 273 0191 2C       		.byte	0x2c
 274 0192 07       		.uleb128 0x7
 275 0193 4E070000 		.4byte	.LASF34
 276 0197 05       		.byte	0x5
 277 0198 48       		.byte	0x48
 278 0199 97000000 		.4byte	0x97
 279 019d 2D       		.byte	0x2d
 280 019e 07       		.uleb128 0x7
 281 019f A3010000 		.4byte	.LASF35
 282 01a3 05       		.byte	0x5
 283 01a4 49       		.byte	0x49
 284 01a5 97000000 		.4byte	0x97
 285 01a9 2E       		.byte	0x2e
 286 01aa 07       		.uleb128 0x7
 287 01ab B9040000 		.4byte	.LASF36
 288 01af 05       		.byte	0x5
 289 01b0 4A       		.byte	0x4a
 290 01b1 97000000 		.4byte	0x97
 291 01b5 2F       		.byte	0x2f
 292 01b6 07       		.uleb128 0x7
 293 01b7 FE060000 		.4byte	.LASF37
 294 01bb 05       		.byte	0x5
 295 01bc 4B       		.byte	0x4b
 296 01bd 97000000 		.4byte	0x97
 297 01c1 30       		.byte	0x30
 298 01c2 07       		.uleb128 0x7
 299 01c3 79030000 		.4byte	.LASF38
 300 01c7 05       		.byte	0x5
 301 01c8 4E       		.byte	0x4e
 302 01c9 97000000 		.4byte	0x97
 303 01cd 31       		.byte	0x31
 304 01ce 07       		.uleb128 0x7
 305 01cf 86000000 		.4byte	.LASF39
 306 01d3 05       		.byte	0x5
ARM GAS  C:\Users\Austina\AppData\Local\Temp\ccliOVo7.s 			page 10


 307 01d4 4F       		.byte	0x4f
 308 01d5 97000000 		.4byte	0x97
 309 01d9 32       		.byte	0x32
 310 01da 07       		.uleb128 0x7
 311 01db 00030000 		.4byte	.LASF40
 312 01df 05       		.byte	0x5
 313 01e0 50       		.byte	0x50
 314 01e1 97000000 		.4byte	0x97
 315 01e5 33       		.byte	0x33
 316 01e6 07       		.uleb128 0x7
 317 01e7 EE040000 		.4byte	.LASF41
 318 01eb 05       		.byte	0x5
 319 01ec 51       		.byte	0x51
 320 01ed 97000000 		.4byte	0x97
 321 01f1 34       		.byte	0x34
 322 01f2 07       		.uleb128 0x7
 323 01f3 B3070000 		.4byte	.LASF42
 324 01f7 05       		.byte	0x5
 325 01f8 52       		.byte	0x52
 326 01f9 A2000000 		.4byte	0xa2
 327 01fd 36       		.byte	0x36
 328 01fe 07       		.uleb128 0x7
 329 01ff 1C020000 		.4byte	.LASF43
 330 0203 05       		.byte	0x5
 331 0204 53       		.byte	0x53
 332 0205 A2000000 		.4byte	0xa2
 333 0209 38       		.byte	0x38
 334 020a 07       		.uleb128 0x7
 335 020b F9070000 		.4byte	.LASF44
 336 020f 05       		.byte	0x5
 337 0210 54       		.byte	0x54
 338 0211 A2000000 		.4byte	0xa2
 339 0215 3A       		.byte	0x3a
 340 0216 07       		.uleb128 0x7
 341 0217 C3010000 		.4byte	.LASF45
 342 021b 05       		.byte	0x5
 343 021c 55       		.byte	0x55
 344 021d 97000000 		.4byte	0x97
 345 0221 3C       		.byte	0x3c
 346 0222 07       		.uleb128 0x7
 347 0223 43020000 		.4byte	.LASF46
 348 0227 05       		.byte	0x5
 349 0228 56       		.byte	0x56
 350 0229 97000000 		.4byte	0x97
 351 022d 3D       		.byte	0x3d
 352 022e 07       		.uleb128 0x7
 353 022f 1F060000 		.4byte	.LASF47
 354 0233 05       		.byte	0x5
 355 0234 57       		.byte	0x57
 356 0235 97000000 		.4byte	0x97
 357 0239 3E       		.byte	0x3e
 358 023a 07       		.uleb128 0x7
 359 023b 65000000 		.4byte	.LASF48
 360 023f 05       		.byte	0x5
 361 0240 58       		.byte	0x58
 362 0241 97000000 		.4byte	0x97
 363 0245 3F       		.byte	0x3f
ARM GAS  C:\Users\Austina\AppData\Local\Temp\ccliOVo7.s 			page 11


 364 0246 07       		.uleb128 0x7
 365 0247 62050000 		.4byte	.LASF49
 366 024b 05       		.byte	0x5
 367 024c 59       		.byte	0x59
 368 024d 97000000 		.4byte	0x97
 369 0251 40       		.byte	0x40
 370 0252 07       		.uleb128 0x7
 371 0253 8F020000 		.4byte	.LASF50
 372 0257 05       		.byte	0x5
 373 0258 5A       		.byte	0x5a
 374 0259 97000000 		.4byte	0x97
 375 025d 41       		.byte	0x41
 376 025e 07       		.uleb128 0x7
 377 025f 00040000 		.4byte	.LASF51
 378 0263 05       		.byte	0x5
 379 0264 5B       		.byte	0x5b
 380 0265 97000000 		.4byte	0x97
 381 0269 42       		.byte	0x42
 382 026a 07       		.uleb128 0x7
 383 026b 35050000 		.4byte	.LASF52
 384 026f 05       		.byte	0x5
 385 0270 5C       		.byte	0x5c
 386 0271 97000000 		.4byte	0x97
 387 0275 43       		.byte	0x43
 388 0276 07       		.uleb128 0x7
 389 0277 0B020000 		.4byte	.LASF53
 390 027b 05       		.byte	0x5
 391 027c 5D       		.byte	0x5d
 392 027d 97000000 		.4byte	0x97
 393 0281 44       		.byte	0x44
 394 0282 07       		.uleb128 0x7
 395 0283 00000000 		.4byte	.LASF54
 396 0287 05       		.byte	0x5
 397 0288 5E       		.byte	0x5e
 398 0289 B8000000 		.4byte	0xb8
 399 028d 48       		.byte	0x48
 400 028e 07       		.uleb128 0x7
 401 028f F4010000 		.4byte	.LASF55
 402 0293 05       		.byte	0x5
 403 0294 5F       		.byte	0x5f
 404 0295 B8000000 		.4byte	0xb8
 405 0299 4C       		.byte	0x4c
 406 029a 07       		.uleb128 0x7
 407 029b BD080000 		.4byte	.LASF56
 408 029f 05       		.byte	0x5
 409 02a0 60       		.byte	0x60
 410 02a1 97000000 		.4byte	0x97
 411 02a5 50       		.byte	0x50
 412 02a6 07       		.uleb128 0x7
 413 02a7 3D010000 		.4byte	.LASF57
 414 02ab 05       		.byte	0x5
 415 02ac 61       		.byte	0x61
 416 02ad 97000000 		.4byte	0x97
 417 02b1 51       		.byte	0x51
 418 02b2 07       		.uleb128 0x7
 419 02b3 0E080000 		.4byte	.LASF58
 420 02b7 05       		.byte	0x5
ARM GAS  C:\Users\Austina\AppData\Local\Temp\ccliOVo7.s 			page 12


 421 02b8 62       		.byte	0x62
 422 02b9 97000000 		.4byte	0x97
 423 02bd 52       		.byte	0x52
 424 02be 07       		.uleb128 0x7
 425 02bf 5B070000 		.4byte	.LASF59
 426 02c3 05       		.byte	0x5
 427 02c4 63       		.byte	0x63
 428 02c5 97000000 		.4byte	0x97
 429 02c9 53       		.byte	0x53
 430 02ca 07       		.uleb128 0x7
 431 02cb 2D060000 		.4byte	.LASF60
 432 02cf 05       		.byte	0x5
 433 02d0 64       		.byte	0x64
 434 02d1 97000000 		.4byte	0x97
 435 02d5 54       		.byte	0x54
 436 02d6 07       		.uleb128 0x7
 437 02d7 4F010000 		.4byte	.LASF61
 438 02db 05       		.byte	0x5
 439 02dc 65       		.byte	0x65
 440 02dd 97000000 		.4byte	0x97
 441 02e1 55       		.byte	0x55
 442 02e2 07       		.uleb128 0x7
 443 02e3 34030000 		.4byte	.LASF62
 444 02e7 05       		.byte	0x5
 445 02e8 66       		.byte	0x66
 446 02e9 97000000 		.4byte	0x97
 447 02ed 56       		.byte	0x56
 448 02ee 07       		.uleb128 0x7
 449 02ef 8D030000 		.4byte	.LASF63
 450 02f3 05       		.byte	0x5
 451 02f4 67       		.byte	0x67
 452 02f5 97000000 		.4byte	0x97
 453 02f9 57       		.byte	0x57
 454 02fa 07       		.uleb128 0x7
 455 02fb 1C000000 		.4byte	.LASF64
 456 02ff 05       		.byte	0x5
 457 0300 68       		.byte	0x68
 458 0301 97000000 		.4byte	0x97
 459 0305 58       		.byte	0x58
 460 0306 07       		.uleb128 0x7
 461 0307 ED050000 		.4byte	.LASF65
 462 030b 05       		.byte	0x5
 463 030c 69       		.byte	0x69
 464 030d 97000000 		.4byte	0x97
 465 0311 59       		.byte	0x59
 466 0312 07       		.uleb128 0x7
 467 0313 E3040000 		.4byte	.LASF66
 468 0317 05       		.byte	0x5
 469 0318 6E       		.byte	0x6e
 470 0319 AD000000 		.4byte	0xad
 471 031d 5A       		.byte	0x5a
 472 031e 07       		.uleb128 0x7
 473 031f 8E070000 		.4byte	.LASF67
 474 0323 05       		.byte	0x5
 475 0324 6F       		.byte	0x6f
 476 0325 AD000000 		.4byte	0xad
 477 0329 5C       		.byte	0x5c
ARM GAS  C:\Users\Austina\AppData\Local\Temp\ccliOVo7.s 			page 13


 478 032a 07       		.uleb128 0x7
 479 032b E1000000 		.4byte	.LASF68
 480 032f 05       		.byte	0x5
 481 0330 70       		.byte	0x70
 482 0331 97000000 		.4byte	0x97
 483 0335 5E       		.byte	0x5e
 484 0336 07       		.uleb128 0x7
 485 0337 AA050000 		.4byte	.LASF69
 486 033b 05       		.byte	0x5
 487 033c 71       		.byte	0x71
 488 033d 97000000 		.4byte	0x97
 489 0341 5F       		.byte	0x5f
 490 0342 07       		.uleb128 0x7
 491 0343 24050000 		.4byte	.LASF70
 492 0347 05       		.byte	0x5
 493 0348 72       		.byte	0x72
 494 0349 97000000 		.4byte	0x97
 495 034d 60       		.byte	0x60
 496 034e 07       		.uleb128 0x7
 497 034f 83050000 		.4byte	.LASF71
 498 0353 05       		.byte	0x5
 499 0354 73       		.byte	0x73
 500 0355 B8000000 		.4byte	0xb8
 501 0359 64       		.byte	0x64
 502 035a 07       		.uleb128 0x7
 503 035b 07010000 		.4byte	.LASF72
 504 035f 05       		.byte	0x5
 505 0360 76       		.byte	0x76
 506 0361 AD000000 		.4byte	0xad
 507 0365 68       		.byte	0x68
 508 0366 07       		.uleb128 0x7
 509 0367 22030000 		.4byte	.LASF73
 510 036b 05       		.byte	0x5
 511 036c 77       		.byte	0x77
 512 036d AD000000 		.4byte	0xad
 513 0371 6A       		.byte	0x6a
 514 0372 07       		.uleb128 0x7
 515 0373 A1030000 		.4byte	.LASF74
 516 0377 05       		.byte	0x5
 517 0378 78       		.byte	0x78
 518 0379 AD000000 		.4byte	0xad
 519 037d 6C       		.byte	0x6c
 520 037e 07       		.uleb128 0x7
 521 037f C7030000 		.4byte	.LASF75
 522 0383 05       		.byte	0x5
 523 0384 79       		.byte	0x79
 524 0385 AD000000 		.4byte	0xad
 525 0389 6E       		.byte	0x6e
 526 038a 07       		.uleb128 0x7
 527 038b 0B060000 		.4byte	.LASF76
 528 038f 05       		.byte	0x5
 529 0390 7B       		.byte	0x7b
 530 0391 97000000 		.4byte	0x97
 531 0395 70       		.byte	0x70
 532 0396 07       		.uleb128 0x7
 533 0397 85010000 		.4byte	.LASF77
 534 039b 05       		.byte	0x5
ARM GAS  C:\Users\Austina\AppData\Local\Temp\ccliOVo7.s 			page 14


 535 039c 7C       		.byte	0x7c
 536 039d 97000000 		.4byte	0x97
 537 03a1 71       		.byte	0x71
 538 03a2 07       		.uleb128 0x7
 539 03a3 8F080000 		.4byte	.LASF78
 540 03a7 05       		.byte	0x5
 541 03a8 7D       		.byte	0x7d
 542 03a9 97000000 		.4byte	0x97
 543 03ad 72       		.byte	0x72
 544 03ae 07       		.uleb128 0x7
 545 03af FF040000 		.4byte	.LASF79
 546 03b3 05       		.byte	0x5
 547 03b4 7E       		.byte	0x7e
 548 03b5 97000000 		.4byte	0x97
 549 03b9 73       		.byte	0x73
 550 03ba 07       		.uleb128 0x7
 551 03bb 53020000 		.4byte	.LASF80
 552 03bf 05       		.byte	0x5
 553 03c0 80       		.byte	0x80
 554 03c1 AD000000 		.4byte	0xad
 555 03c5 74       		.byte	0x74
 556 03c6 07       		.uleb128 0x7
 557 03c7 23070000 		.4byte	.LASF81
 558 03cb 05       		.byte	0x5
 559 03cc 81       		.byte	0x81
 560 03cd AD000000 		.4byte	0xad
 561 03d1 76       		.byte	0x76
 562 03d2 07       		.uleb128 0x7
 563 03d3 2E020000 		.4byte	.LASF82
 564 03d7 05       		.byte	0x5
 565 03d8 82       		.byte	0x82
 566 03d9 AD000000 		.4byte	0xad
 567 03dd 78       		.byte	0x78
 568 03de 07       		.uleb128 0x7
 569 03df 9E000000 		.4byte	.LASF83
 570 03e3 05       		.byte	0x5
 571 03e4 83       		.byte	0x83
 572 03e5 AD000000 		.4byte	0xad
 573 03e9 7A       		.byte	0x7a
 574 03ea 07       		.uleb128 0x7
 575 03eb 3B080000 		.4byte	.LASF84
 576 03ef 05       		.byte	0x5
 577 03f0 86       		.byte	0x86
 578 03f1 97000000 		.4byte	0x97
 579 03f5 7C       		.byte	0x7c
 580 03f6 07       		.uleb128 0x7
 581 03f7 C0070000 		.4byte	.LASF85
 582 03fb 05       		.byte	0x5
 583 03fc 87       		.byte	0x87
 584 03fd 97000000 		.4byte	0x97
 585 0401 7D       		.byte	0x7d
 586 0402 07       		.uleb128 0x7
 587 0403 30000000 		.4byte	.LASF86
 588 0407 05       		.byte	0x5
 589 0408 88       		.byte	0x88
 590 0409 97000000 		.4byte	0x97
 591 040d 7E       		.byte	0x7e
ARM GAS  C:\Users\Austina\AppData\Local\Temp\ccliOVo7.s 			page 15


 592 040e 07       		.uleb128 0x7
 593 040f 65020000 		.4byte	.LASF87
 594 0413 05       		.byte	0x5
 595 0414 89       		.byte	0x89
 596 0415 97000000 		.4byte	0x97
 597 0419 7F       		.byte	0x7f
 598 041a 07       		.uleb128 0x7
 599 041b EC020000 		.4byte	.LASF88
 600 041f 05       		.byte	0x5
 601 0420 8A       		.byte	0x8a
 602 0421 97000000 		.4byte	0x97
 603 0425 80       		.byte	0x80
 604 0426 07       		.uleb128 0x7
 605 0427 30040000 		.4byte	.LASF89
 606 042b 05       		.byte	0x5
 607 042c 8D       		.byte	0x8d
 608 042d B8000000 		.4byte	0xb8
 609 0431 84       		.byte	0x84
 610 0432 07       		.uleb128 0x7
 611 0433 B3000000 		.4byte	.LASF90
 612 0437 05       		.byte	0x5
 613 0438 8E       		.byte	0x8e
 614 0439 B8000000 		.4byte	0xb8
 615 043d 88       		.byte	0x88
 616 043e 07       		.uleb128 0x7
 617 043f 26080000 		.4byte	.LASF91
 618 0443 05       		.byte	0x5
 619 0444 8F       		.byte	0x8f
 620 0445 B8000000 		.4byte	0xb8
 621 0449 8C       		.byte	0x8c
 622 044a 07       		.uleb128 0x7
 623 044b C5040000 		.4byte	.LASF92
 624 044f 05       		.byte	0x5
 625 0450 90       		.byte	0x90
 626 0451 B8000000 		.4byte	0xb8
 627 0455 90       		.byte	0x90
 628 0456 07       		.uleb128 0x7
 629 0457 CD020000 		.4byte	.LASF93
 630 045b 05       		.byte	0x5
 631 045c 91       		.byte	0x91
 632 045d B8000000 		.4byte	0xb8
 633 0461 94       		.byte	0x94
 634 0462 07       		.uleb128 0x7
 635 0463 1A040000 		.4byte	.LASF94
 636 0467 05       		.byte	0x5
 637 0468 92       		.byte	0x92
 638 0469 B8000000 		.4byte	0xb8
 639 046d 98       		.byte	0x98
 640 046e 07       		.uleb128 0x7
 641 046f 5E080000 		.4byte	.LASF95
 642 0473 05       		.byte	0x5
 643 0474 93       		.byte	0x93
 644 0475 B8000000 		.4byte	0xb8
 645 0479 9C       		.byte	0x9c
 646 047a 07       		.uleb128 0x7
 647 047b 21010000 		.4byte	.LASF96
 648 047f 05       		.byte	0x5
ARM GAS  C:\Users\Austina\AppData\Local\Temp\ccliOVo7.s 			page 16


 649 0480 94       		.byte	0x94
 650 0481 B8000000 		.4byte	0xb8
 651 0485 A0       		.byte	0xa0
 652 0486 07       		.uleb128 0x7
 653 0487 AE010000 		.4byte	.LASF97
 654 048b 05       		.byte	0x5
 655 048c 95       		.byte	0x95
 656 048d AD000000 		.4byte	0xad
 657 0491 A4       		.byte	0xa4
 658 0492 07       		.uleb128 0x7
 659 0493 46060000 		.4byte	.LASF98
 660 0497 05       		.byte	0x5
 661 0498 96       		.byte	0x96
 662 0499 AD000000 		.4byte	0xad
 663 049d A6       		.byte	0xa6
 664 049e 07       		.uleb128 0x7
 665 049f 9E050000 		.4byte	.LASF99
 666 04a3 05       		.byte	0x5
 667 04a4 97       		.byte	0x97
 668 04a5 AD000000 		.4byte	0xad
 669 04a9 A8       		.byte	0xa8
 670 04aa 07       		.uleb128 0x7
 671 04ab 0A070000 		.4byte	.LASF100
 672 04af 05       		.byte	0x5
 673 04b0 98       		.byte	0x98
 674 04b1 AD000000 		.4byte	0xad
 675 04b5 AA       		.byte	0xaa
 676 04b6 07       		.uleb128 0x7
 677 04b7 B0030000 		.4byte	.LASF101
 678 04bb 05       		.byte	0x5
 679 04bc 99       		.byte	0x99
 680 04bd AD000000 		.4byte	0xad
 681 04c1 AC       		.byte	0xac
 682 04c2 07       		.uleb128 0x7
 683 04c3 16050000 		.4byte	.LASF102
 684 04c7 05       		.byte	0x5
 685 04c8 9A       		.byte	0x9a
 686 04c9 AD000000 		.4byte	0xad
 687 04cd AE       		.byte	0xae
 688 04ce 07       		.uleb128 0x7
 689 04cf 6F050000 		.4byte	.LASF103
 690 04d3 05       		.byte	0x5
 691 04d4 9D       		.byte	0x9d
 692 04d5 AD000000 		.4byte	0xad
 693 04d9 B0       		.byte	0xb0
 694 04da 07       		.uleb128 0x7
 695 04db 43000000 		.4byte	.LASF104
 696 04df 05       		.byte	0x5
 697 04e0 9E       		.byte	0x9e
 698 04e1 B8000000 		.4byte	0xb8
 699 04e5 B4       		.byte	0xb4
 700 04e6 00       		.byte	0
 701 04e7 03       		.uleb128 0x3
 702 04e8 F0030000 		.4byte	.LASF105
 703 04ec 05       		.byte	0x5
 704 04ed 9F       		.byte	0x9f
 705 04ee D6000000 		.4byte	0xd6
ARM GAS  C:\Users\Austina\AppData\Local\Temp\ccliOVo7.s 			page 17


 706 04f2 02       		.uleb128 0x2
 707 04f3 01       		.byte	0x1
 708 04f4 08       		.byte	0x8
 709 04f5 F9060000 		.4byte	.LASF106
 710 04f9 02       		.uleb128 0x2
 711 04fa 04       		.byte	0x4
 712 04fb 04       		.byte	0x4
 713 04fc 7D050000 		.4byte	.LASF107
 714 0500 02       		.uleb128 0x2
 715 0501 08       		.byte	0x8
 716 0502 04       		.byte	0x4
 717 0503 27020000 		.4byte	.LASF108
 718 0507 08       		.uleb128 0x8
 719 0508 01       		.byte	0x1
 720 0509 2C000000 		.4byte	0x2c
 721 050d 09       		.byte	0x9
 722 050e 2305     		.2byte	0x523
 723 0510 21050000 		.4byte	0x521
 724 0514 09       		.uleb128 0x9
 725 0515 97070000 		.4byte	.LASF109
 726 0519 00       		.byte	0
 727 051a 09       		.uleb128 0x9
 728 051b 36070000 		.4byte	.LASF110
 729 051f 01       		.byte	0x1
 730 0520 00       		.byte	0
 731 0521 0A       		.uleb128 0xa
 732 0522 04       		.byte	0x4
 733 0523 02       		.uleb128 0x2
 734 0524 01       		.byte	0x1
 735 0525 02       		.byte	0x2
 736 0526 D9050000 		.4byte	.LASF111
 737 052a 0B       		.uleb128 0xb
 738 052b 04       		.byte	0x4
 739 052c 30050000 		.4byte	0x530
 740 0530 0C       		.uleb128 0xc
 741 0531 3B050000 		.4byte	0x53b
 742 0535 0D       		.uleb128 0xd
 743 0536 B8000000 		.4byte	0xb8
 744 053a 00       		.byte	0
 745 053b 0E       		.uleb128 0xe
 746 053c 5A030000 		.4byte	.LASF112
 747 0540 06       		.byte	0x6
 748 0541 D901     		.2byte	0x1d9
 749 0543 2A050000 		.4byte	0x52a
 750 0547 0F       		.uleb128 0xf
 751 0548 A5080000 		.4byte	.LASF135
 752 054c 38       		.byte	0x38
 753 054d 06       		.byte	0x6
 754 054e 7502     		.2byte	0x275
 755 0550 0B060000 		.4byte	0x60b
 756 0554 10       		.uleb128 0x10
 757 0555 74080000 		.4byte	.LASF113
 758 0559 06       		.byte	0x6
 759 055a 7802     		.2byte	0x278
 760 055c CA000000 		.4byte	0xca
 761 0560 00       		.byte	0
 762 0561 10       		.uleb128 0x10
ARM GAS  C:\Users\Austina\AppData\Local\Temp\ccliOVo7.s 			page 18


 763 0562 40050000 		.4byte	.LASF114
 764 0566 06       		.byte	0x6
 765 0567 7902     		.2byte	0x279
 766 0569 CA000000 		.4byte	0xca
 767 056d 04       		.byte	0x4
 768 056e 10       		.uleb128 0x10
 769 056f 17010000 		.4byte	.LASF115
 770 0573 06       		.byte	0x6
 771 0574 7B02     		.2byte	0x27b
 772 0576 21050000 		.4byte	0x521
 773 057a 08       		.byte	0x8
 774 057b 10       		.uleb128 0x10
 775 057c 6D070000 		.4byte	.LASF116
 776 0580 06       		.byte	0x6
 777 0581 7C02     		.2byte	0x27c
 778 0583 B8000000 		.4byte	0xb8
 779 0587 0C       		.byte	0xc
 780 0588 10       		.uleb128 0x10
 781 0589 0C040000 		.4byte	.LASF117
 782 058d 06       		.byte	0x6
 783 058e 7D02     		.2byte	0x27d
 784 0590 CA000000 		.4byte	0xca
 785 0594 10       		.byte	0x10
 786 0595 10       		.uleb128 0x10
 787 0596 50080000 		.4byte	.LASF118
 788 059a 06       		.byte	0x6
 789 059b 7E02     		.2byte	0x27e
 790 059d CA000000 		.4byte	0xca
 791 05a1 14       		.byte	0x14
 792 05a2 10       		.uleb128 0x10
 793 05a3 D9070000 		.4byte	.LASF119
 794 05a7 06       		.byte	0x6
 795 05a8 8002     		.2byte	0x280
 796 05aa 21050000 		.4byte	0x521
 797 05ae 18       		.byte	0x18
 798 05af 10       		.uleb128 0x10
 799 05b0 12000000 		.4byte	.LASF120
 800 05b4 06       		.byte	0x6
 801 05b5 8102     		.2byte	0x281
 802 05b7 B8000000 		.4byte	0xb8
 803 05bb 1C       		.byte	0x1c
 804 05bc 10       		.uleb128 0x10
 805 05bd C4020000 		.4byte	.LASF121
 806 05c1 06       		.byte	0x6
 807 05c2 8202     		.2byte	0x282
 808 05c4 CA000000 		.4byte	0xca
 809 05c8 20       		.byte	0x20
 810 05c9 10       		.uleb128 0x10
 811 05ca 37010000 		.4byte	.LASF122
 812 05ce 06       		.byte	0x6
 813 05cf 8402     		.2byte	0x284
 814 05d1 21050000 		.4byte	0x521
 815 05d5 24       		.byte	0x24
 816 05d6 10       		.uleb128 0x10
 817 05d7 E2020000 		.4byte	.LASF123
 818 05db 06       		.byte	0x6
 819 05dc 8502     		.2byte	0x285
ARM GAS  C:\Users\Austina\AppData\Local\Temp\ccliOVo7.s 			page 19


 820 05de B8000000 		.4byte	0xb8
 821 05e2 28       		.byte	0x28
 822 05e3 10       		.uleb128 0x10
 823 05e4 C0050000 		.4byte	.LASF124
 824 05e8 06       		.byte	0x6
 825 05e9 8602     		.2byte	0x286
 826 05eb CA000000 		.4byte	0xca
 827 05ef 2C       		.byte	0x2c
 828 05f0 10       		.uleb128 0x10
 829 05f1 BE030000 		.4byte	.LASF125
 830 05f5 06       		.byte	0x6
 831 05f6 8B02     		.2byte	0x28b
 832 05f8 3B050000 		.4byte	0x53b
 833 05fc 30       		.byte	0x30
 834 05fd 10       		.uleb128 0x10
 835 05fe D1070000 		.4byte	.LASF126
 836 0602 06       		.byte	0x6
 837 0603 8E02     		.2byte	0x28e
 838 0605 B8000000 		.4byte	0xb8
 839 0609 34       		.byte	0x34
 840 060a 00       		.byte	0
 841 060b 0E       		.uleb128 0xe
 842 060c DF070000 		.4byte	.LASF127
 843 0610 06       		.byte	0x6
 844 0611 9102     		.2byte	0x291
 845 0613 47050000 		.4byte	0x547
 846 0617 11       		.uleb128 0x11
 847 0618 CA000000 		.4byte	.LASF136
 848 061c 02       		.byte	0x2
 849 061d 81       		.byte	0x81
 850 061e 03       		.byte	0x3
 851 061f 12       		.uleb128 0x12
 852 0620 4E020000 		.4byte	.LASF137
 853 0624 01       		.byte	0x1
 854 0625 3F       		.byte	0x3f
 855 0626 89000000 		.4byte	0x89
 856 062a 00000000 		.4byte	.LFB392
 857 062e 18000000 		.4byte	.LFE392-.LFB392
 858 0632 01       		.uleb128 0x1
 859 0633 9C       		.byte	0x9c
 860 0634 6E060000 		.4byte	0x66e
 861 0638 13       		.uleb128 0x13
 862 0639 17060000 		.4byte	0x617
 863 063d 02000000 		.4byte	.LBB4
 864 0641 02000000 		.4byte	.LBE4-.LBB4
 865 0645 01       		.byte	0x1
 866 0646 41       		.byte	0x41
 867 0647 14       		.uleb128 0x14
 868 0648 0A000000 		.4byte	.LVL0
 869 064c 8F060000 		.4byte	0x68f
 870 0650 5E060000 		.4byte	0x65e
 871 0654 15       		.uleb128 0x15
 872 0655 01       		.uleb128 0x1
 873 0656 50       		.byte	0x50
 874 0657 05       		.uleb128 0x5
 875 0658 0C       		.byte	0xc
 876 0659 00000810 		.4byte	0x10080000
ARM GAS  C:\Users\Austina\AppData\Local\Temp\ccliOVo7.s 			page 20


 877 065d 00       		.byte	0
 878 065e 16       		.uleb128 0x16
 879 065f 10000000 		.4byte	.LVL1
 880 0663 9B060000 		.4byte	0x69b
 881 0667 15       		.uleb128 0x15
 882 0668 01       		.uleb128 0x1
 883 0669 50       		.byte	0x50
 884 066a 01       		.uleb128 0x1
 885 066b 30       		.byte	0x30
 886 066c 00       		.byte	0
 887 066d 00       		.byte	0
 888 066e 17       		.uleb128 0x17
 889 066f 94050000 		.4byte	.LASF128
 890 0673 05       		.byte	0x5
 891 0674 A7       		.byte	0xa7
 892 0675 79060000 		.4byte	0x679
 893 0679 0B       		.uleb128 0xb
 894 067a 04       		.byte	0x4
 895 067b 7F060000 		.4byte	0x67f
 896 067f 18       		.uleb128 0x18
 897 0680 E7040000 		.4byte	0x4e7
 898 0684 17       		.uleb128 0x17
 899 0685 E5010000 		.4byte	.LASF129
 900 0689 07       		.byte	0x7
 901 068a 87       		.byte	0x87
 902 068b 0B060000 		.4byte	0x60b
 903 068f 19       		.uleb128 0x19
 904 0690 D4030000 		.4byte	.LASF130
 905 0694 D4030000 		.4byte	.LASF130
 906 0698 08       		.byte	0x8
 907 0699 2502     		.2byte	0x225
 908 069b 19       		.uleb128 0x19
 909 069c 9F020000 		.4byte	.LASF131
 910 06a0 9F020000 		.4byte	.LASF131
 911 06a4 09       		.byte	0x9
 912 06a5 4806     		.2byte	0x648
 913 06a7 00       		.byte	0
 914              		.section	.debug_abbrev,"",%progbits
 915              	.Ldebug_abbrev0:
 916 0000 01       		.uleb128 0x1
 917 0001 11       		.uleb128 0x11
 918 0002 01       		.byte	0x1
 919 0003 25       		.uleb128 0x25
 920 0004 0E       		.uleb128 0xe
 921 0005 13       		.uleb128 0x13
 922 0006 0B       		.uleb128 0xb
 923 0007 03       		.uleb128 0x3
 924 0008 0E       		.uleb128 0xe
 925 0009 1B       		.uleb128 0x1b
 926 000a 0E       		.uleb128 0xe
 927 000b 55       		.uleb128 0x55
 928 000c 17       		.uleb128 0x17
 929 000d 11       		.uleb128 0x11
 930 000e 01       		.uleb128 0x1
 931 000f 10       		.uleb128 0x10
 932 0010 17       		.uleb128 0x17
 933 0011 00       		.byte	0
ARM GAS  C:\Users\Austina\AppData\Local\Temp\ccliOVo7.s 			page 21


 934 0012 00       		.byte	0
 935 0013 02       		.uleb128 0x2
 936 0014 24       		.uleb128 0x24
 937 0015 00       		.byte	0
 938 0016 0B       		.uleb128 0xb
 939 0017 0B       		.uleb128 0xb
 940 0018 3E       		.uleb128 0x3e
 941 0019 0B       		.uleb128 0xb
 942 001a 03       		.uleb128 0x3
 943 001b 0E       		.uleb128 0xe
 944 001c 00       		.byte	0
 945 001d 00       		.byte	0
 946 001e 03       		.uleb128 0x3
 947 001f 16       		.uleb128 0x16
 948 0020 00       		.byte	0
 949 0021 03       		.uleb128 0x3
 950 0022 0E       		.uleb128 0xe
 951 0023 3A       		.uleb128 0x3a
 952 0024 0B       		.uleb128 0xb
 953 0025 3B       		.uleb128 0x3b
 954 0026 0B       		.uleb128 0xb
 955 0027 49       		.uleb128 0x49
 956 0028 13       		.uleb128 0x13
 957 0029 00       		.byte	0
 958 002a 00       		.byte	0
 959 002b 04       		.uleb128 0x4
 960 002c 24       		.uleb128 0x24
 961 002d 00       		.byte	0
 962 002e 0B       		.uleb128 0xb
 963 002f 0B       		.uleb128 0xb
 964 0030 3E       		.uleb128 0x3e
 965 0031 0B       		.uleb128 0xb
 966 0032 03       		.uleb128 0x3
 967 0033 08       		.uleb128 0x8
 968 0034 00       		.byte	0
 969 0035 00       		.byte	0
 970 0036 05       		.uleb128 0x5
 971 0037 35       		.uleb128 0x35
 972 0038 00       		.byte	0
 973 0039 49       		.uleb128 0x49
 974 003a 13       		.uleb128 0x13
 975 003b 00       		.byte	0
 976 003c 00       		.byte	0
 977 003d 06       		.uleb128 0x6
 978 003e 13       		.uleb128 0x13
 979 003f 01       		.byte	0x1
 980 0040 0B       		.uleb128 0xb
 981 0041 0B       		.uleb128 0xb
 982 0042 3A       		.uleb128 0x3a
 983 0043 0B       		.uleb128 0xb
 984 0044 3B       		.uleb128 0x3b
 985 0045 0B       		.uleb128 0xb
 986 0046 01       		.uleb128 0x1
 987 0047 13       		.uleb128 0x13
 988 0048 00       		.byte	0
 989 0049 00       		.byte	0
 990 004a 07       		.uleb128 0x7
ARM GAS  C:\Users\Austina\AppData\Local\Temp\ccliOVo7.s 			page 22


 991 004b 0D       		.uleb128 0xd
 992 004c 00       		.byte	0
 993 004d 03       		.uleb128 0x3
 994 004e 0E       		.uleb128 0xe
 995 004f 3A       		.uleb128 0x3a
 996 0050 0B       		.uleb128 0xb
 997 0051 3B       		.uleb128 0x3b
 998 0052 0B       		.uleb128 0xb
 999 0053 49       		.uleb128 0x49
 1000 0054 13       		.uleb128 0x13
 1001 0055 38       		.uleb128 0x38
 1002 0056 0B       		.uleb128 0xb
 1003 0057 00       		.byte	0
 1004 0058 00       		.byte	0
 1005 0059 08       		.uleb128 0x8
 1006 005a 04       		.uleb128 0x4
 1007 005b 01       		.byte	0x1
 1008 005c 0B       		.uleb128 0xb
 1009 005d 0B       		.uleb128 0xb
 1010 005e 49       		.uleb128 0x49
 1011 005f 13       		.uleb128 0x13
 1012 0060 3A       		.uleb128 0x3a
 1013 0061 0B       		.uleb128 0xb
 1014 0062 3B       		.uleb128 0x3b
 1015 0063 05       		.uleb128 0x5
 1016 0064 01       		.uleb128 0x1
 1017 0065 13       		.uleb128 0x13
 1018 0066 00       		.byte	0
 1019 0067 00       		.byte	0
 1020 0068 09       		.uleb128 0x9
 1021 0069 28       		.uleb128 0x28
 1022 006a 00       		.byte	0
 1023 006b 03       		.uleb128 0x3
 1024 006c 0E       		.uleb128 0xe
 1025 006d 1C       		.uleb128 0x1c
 1026 006e 0B       		.uleb128 0xb
 1027 006f 00       		.byte	0
 1028 0070 00       		.byte	0
 1029 0071 0A       		.uleb128 0xa
 1030 0072 0F       		.uleb128 0xf
 1031 0073 00       		.byte	0
 1032 0074 0B       		.uleb128 0xb
 1033 0075 0B       		.uleb128 0xb
 1034 0076 00       		.byte	0
 1035 0077 00       		.byte	0
 1036 0078 0B       		.uleb128 0xb
 1037 0079 0F       		.uleb128 0xf
 1038 007a 00       		.byte	0
 1039 007b 0B       		.uleb128 0xb
 1040 007c 0B       		.uleb128 0xb
 1041 007d 49       		.uleb128 0x49
 1042 007e 13       		.uleb128 0x13
 1043 007f 00       		.byte	0
 1044 0080 00       		.byte	0
 1045 0081 0C       		.uleb128 0xc
 1046 0082 15       		.uleb128 0x15
 1047 0083 01       		.byte	0x1
ARM GAS  C:\Users\Austina\AppData\Local\Temp\ccliOVo7.s 			page 23


 1048 0084 27       		.uleb128 0x27
 1049 0085 19       		.uleb128 0x19
 1050 0086 01       		.uleb128 0x1
 1051 0087 13       		.uleb128 0x13
 1052 0088 00       		.byte	0
 1053 0089 00       		.byte	0
 1054 008a 0D       		.uleb128 0xd
 1055 008b 05       		.uleb128 0x5
 1056 008c 00       		.byte	0
 1057 008d 49       		.uleb128 0x49
 1058 008e 13       		.uleb128 0x13
 1059 008f 00       		.byte	0
 1060 0090 00       		.byte	0
 1061 0091 0E       		.uleb128 0xe
 1062 0092 16       		.uleb128 0x16
 1063 0093 00       		.byte	0
 1064 0094 03       		.uleb128 0x3
 1065 0095 0E       		.uleb128 0xe
 1066 0096 3A       		.uleb128 0x3a
 1067 0097 0B       		.uleb128 0xb
 1068 0098 3B       		.uleb128 0x3b
 1069 0099 05       		.uleb128 0x5
 1070 009a 49       		.uleb128 0x49
 1071 009b 13       		.uleb128 0x13
 1072 009c 00       		.byte	0
 1073 009d 00       		.byte	0
 1074 009e 0F       		.uleb128 0xf
 1075 009f 13       		.uleb128 0x13
 1076 00a0 01       		.byte	0x1
 1077 00a1 03       		.uleb128 0x3
 1078 00a2 0E       		.uleb128 0xe
 1079 00a3 0B       		.uleb128 0xb
 1080 00a4 0B       		.uleb128 0xb
 1081 00a5 3A       		.uleb128 0x3a
 1082 00a6 0B       		.uleb128 0xb
 1083 00a7 3B       		.uleb128 0x3b
 1084 00a8 05       		.uleb128 0x5
 1085 00a9 01       		.uleb128 0x1
 1086 00aa 13       		.uleb128 0x13
 1087 00ab 00       		.byte	0
 1088 00ac 00       		.byte	0
 1089 00ad 10       		.uleb128 0x10
 1090 00ae 0D       		.uleb128 0xd
 1091 00af 00       		.byte	0
 1092 00b0 03       		.uleb128 0x3
 1093 00b1 0E       		.uleb128 0xe
 1094 00b2 3A       		.uleb128 0x3a
 1095 00b3 0B       		.uleb128 0xb
 1096 00b4 3B       		.uleb128 0x3b
 1097 00b5 05       		.uleb128 0x5
 1098 00b6 49       		.uleb128 0x49
 1099 00b7 13       		.uleb128 0x13
 1100 00b8 38       		.uleb128 0x38
 1101 00b9 0B       		.uleb128 0xb
 1102 00ba 00       		.byte	0
 1103 00bb 00       		.byte	0
 1104 00bc 11       		.uleb128 0x11
ARM GAS  C:\Users\Austina\AppData\Local\Temp\ccliOVo7.s 			page 24


 1105 00bd 2E       		.uleb128 0x2e
 1106 00be 00       		.byte	0
 1107 00bf 03       		.uleb128 0x3
 1108 00c0 0E       		.uleb128 0xe
 1109 00c1 3A       		.uleb128 0x3a
 1110 00c2 0B       		.uleb128 0xb
 1111 00c3 3B       		.uleb128 0x3b
 1112 00c4 0B       		.uleb128 0xb
 1113 00c5 27       		.uleb128 0x27
 1114 00c6 19       		.uleb128 0x19
 1115 00c7 20       		.uleb128 0x20
 1116 00c8 0B       		.uleb128 0xb
 1117 00c9 00       		.byte	0
 1118 00ca 00       		.byte	0
 1119 00cb 12       		.uleb128 0x12
 1120 00cc 2E       		.uleb128 0x2e
 1121 00cd 01       		.byte	0x1
 1122 00ce 3F       		.uleb128 0x3f
 1123 00cf 19       		.uleb128 0x19
 1124 00d0 03       		.uleb128 0x3
 1125 00d1 0E       		.uleb128 0xe
 1126 00d2 3A       		.uleb128 0x3a
 1127 00d3 0B       		.uleb128 0xb
 1128 00d4 3B       		.uleb128 0x3b
 1129 00d5 0B       		.uleb128 0xb
 1130 00d6 27       		.uleb128 0x27
 1131 00d7 19       		.uleb128 0x19
 1132 00d8 49       		.uleb128 0x49
 1133 00d9 13       		.uleb128 0x13
 1134 00da 8701     		.uleb128 0x87
 1135 00dc 19       		.uleb128 0x19
 1136 00dd 11       		.uleb128 0x11
 1137 00de 01       		.uleb128 0x1
 1138 00df 12       		.uleb128 0x12
 1139 00e0 06       		.uleb128 0x6
 1140 00e1 40       		.uleb128 0x40
 1141 00e2 18       		.uleb128 0x18
 1142 00e3 9742     		.uleb128 0x2117
 1143 00e5 19       		.uleb128 0x19
 1144 00e6 01       		.uleb128 0x1
 1145 00e7 13       		.uleb128 0x13
 1146 00e8 00       		.byte	0
 1147 00e9 00       		.byte	0
 1148 00ea 13       		.uleb128 0x13
 1149 00eb 1D       		.uleb128 0x1d
 1150 00ec 00       		.byte	0
 1151 00ed 31       		.uleb128 0x31
 1152 00ee 13       		.uleb128 0x13
 1153 00ef 11       		.uleb128 0x11
 1154 00f0 01       		.uleb128 0x1
 1155 00f1 12       		.uleb128 0x12
 1156 00f2 06       		.uleb128 0x6
 1157 00f3 58       		.uleb128 0x58
 1158 00f4 0B       		.uleb128 0xb
 1159 00f5 59       		.uleb128 0x59
 1160 00f6 0B       		.uleb128 0xb
 1161 00f7 00       		.byte	0
ARM GAS  C:\Users\Austina\AppData\Local\Temp\ccliOVo7.s 			page 25


 1162 00f8 00       		.byte	0
 1163 00f9 14       		.uleb128 0x14
 1164 00fa 898201   		.uleb128 0x4109
 1165 00fd 01       		.byte	0x1
 1166 00fe 11       		.uleb128 0x11
 1167 00ff 01       		.uleb128 0x1
 1168 0100 31       		.uleb128 0x31
 1169 0101 13       		.uleb128 0x13
 1170 0102 01       		.uleb128 0x1
 1171 0103 13       		.uleb128 0x13
 1172 0104 00       		.byte	0
 1173 0105 00       		.byte	0
 1174 0106 15       		.uleb128 0x15
 1175 0107 8A8201   		.uleb128 0x410a
 1176 010a 00       		.byte	0
 1177 010b 02       		.uleb128 0x2
 1178 010c 18       		.uleb128 0x18
 1179 010d 9142     		.uleb128 0x2111
 1180 010f 18       		.uleb128 0x18
 1181 0110 00       		.byte	0
 1182 0111 00       		.byte	0
 1183 0112 16       		.uleb128 0x16
 1184 0113 898201   		.uleb128 0x4109
 1185 0116 01       		.byte	0x1
 1186 0117 11       		.uleb128 0x11
 1187 0118 01       		.uleb128 0x1
 1188 0119 31       		.uleb128 0x31
 1189 011a 13       		.uleb128 0x13
 1190 011b 00       		.byte	0
 1191 011c 00       		.byte	0
 1192 011d 17       		.uleb128 0x17
 1193 011e 34       		.uleb128 0x34
 1194 011f 00       		.byte	0
 1195 0120 03       		.uleb128 0x3
 1196 0121 0E       		.uleb128 0xe
 1197 0122 3A       		.uleb128 0x3a
 1198 0123 0B       		.uleb128 0xb
 1199 0124 3B       		.uleb128 0x3b
 1200 0125 0B       		.uleb128 0xb
 1201 0126 49       		.uleb128 0x49
 1202 0127 13       		.uleb128 0x13
 1203 0128 3F       		.uleb128 0x3f
 1204 0129 19       		.uleb128 0x19
 1205 012a 3C       		.uleb128 0x3c
 1206 012b 19       		.uleb128 0x19
 1207 012c 00       		.byte	0
 1208 012d 00       		.byte	0
 1209 012e 18       		.uleb128 0x18
 1210 012f 26       		.uleb128 0x26
 1211 0130 00       		.byte	0
 1212 0131 49       		.uleb128 0x49
 1213 0132 13       		.uleb128 0x13
 1214 0133 00       		.byte	0
 1215 0134 00       		.byte	0
 1216 0135 19       		.uleb128 0x19
 1217 0136 2E       		.uleb128 0x2e
 1218 0137 00       		.byte	0
ARM GAS  C:\Users\Austina\AppData\Local\Temp\ccliOVo7.s 			page 26


 1219 0138 3F       		.uleb128 0x3f
 1220 0139 19       		.uleb128 0x19
 1221 013a 3C       		.uleb128 0x3c
 1222 013b 19       		.uleb128 0x19
 1223 013c 6E       		.uleb128 0x6e
 1224 013d 0E       		.uleb128 0xe
 1225 013e 03       		.uleb128 0x3
 1226 013f 0E       		.uleb128 0xe
 1227 0140 3A       		.uleb128 0x3a
 1228 0141 0B       		.uleb128 0xb
 1229 0142 3B       		.uleb128 0x3b
 1230 0143 05       		.uleb128 0x5
 1231 0144 00       		.byte	0
 1232 0145 00       		.byte	0
 1233 0146 00       		.byte	0
 1234              		.section	.debug_aranges,"",%progbits
 1235 0000 1C000000 		.4byte	0x1c
 1236 0004 0200     		.2byte	0x2
 1237 0006 00000000 		.4byte	.Ldebug_info0
 1238 000a 04       		.byte	0x4
 1239 000b 00       		.byte	0
 1240 000c 0000     		.2byte	0
 1241 000e 0000     		.2byte	0
 1242 0010 00000000 		.4byte	.LFB392
 1243 0014 18000000 		.4byte	.LFE392-.LFB392
 1244 0018 00000000 		.4byte	0
 1245 001c 00000000 		.4byte	0
 1246              		.section	.debug_ranges,"",%progbits
 1247              	.Ldebug_ranges0:
 1248 0000 00000000 		.4byte	.LFB392
 1249 0004 18000000 		.4byte	.LFE392
 1250 0008 00000000 		.4byte	0
 1251 000c 00000000 		.4byte	0
 1252              		.section	.debug_line,"",%progbits
 1253              	.Ldebug_line0:
 1254 0000 7C020000 		.section	.debug_str,"MS",%progbits,1
 1254      02005702 
 1254      00000201 
 1254      FB0E0D00 
 1254      01010101 
 1255              	.LASF54:
 1256 0000 70726F74 		.ascii	"protBusMasterMask\000"
 1256      4275734D 
 1256      61737465 
 1256      724D6173 
 1256      6B00
 1257              	.LASF120:
 1258 0012 72784275 		.ascii	"rxBufSize\000"
 1258      6653697A 
 1258      6500
 1259              	.LASF64:
 1260 001c 666C6173 		.ascii	"flashCtlMainWs3Freq\000"
 1260      6843746C 
 1260      4D61696E 
 1260      57733346 
 1260      72657100 
 1261              	.LASF86:
ARM GAS  C:\Users\Austina\AppData\Local\Temp\ccliOVo7.s 			page 27


 1262 0030 6770696F 		.ascii	"gpioPrtCfgInOffset\000"
 1262      50727443 
 1262      6667496E 
 1262      4F666673 
 1262      657400
 1263              	.LASF104:
 1264 0043 6970634C 		.ascii	"ipcLockStatusOffset\000"
 1264      6F636B53 
 1264      74617475 
 1264      734F6666 
 1264      73657400 
 1265              	.LASF30:
 1266 0057 63727970 		.ascii	"cryptoVersion\000"
 1266      746F5665 
 1266      7273696F 
 1266      6E00
 1267              	.LASF48:
 1268 0065 70657269 		.ascii	"periClockNr\000"
 1268      436C6F63 
 1268      6B4E7200 
 1269              	.LASF26:
 1270 0071 70617373 		.ascii	"passBase\000"
 1270      42617365 
 1270      00
 1271              	.LASF133:
 1272 007a 6D61696E 		.ascii	"main_cm0p.c\000"
 1272      5F636D30 
 1272      702E6300 
 1273              	.LASF39:
 1274 0086 63707573 		.ascii	"cpussIpcIrqNr\000"
 1274      73497063 
 1274      4972714E 
 1274      7200
 1275              	.LASF3:
 1276 0094 5F5F7569 		.ascii	"__uint8_t\000"
 1276      6E74385F 
 1276      7400
 1277              	.LASF83:
 1278 009e 70657269 		.ascii	"periDiv24_5CtlOffset\000"
 1278      44697632 
 1278      345F3543 
 1278      746C4F66 
 1278      66736574 
 1279              	.LASF90:
 1280 00b3 63707573 		.ascii	"cpussCm4ClockCtlOffset\000"
 1280      73436D34 
 1280      436C6F63 
 1280      6B43746C 
 1280      4F666673 
 1281              	.LASF136:
 1282 00ca 5F5F656E 		.ascii	"__enable_irq\000"
 1282      61626C65 
 1282      5F697271 
 1282      00
 1283              	.LASF19:
 1284 00d7 63707573 		.ascii	"cpussBase\000"
 1284      73426173 
ARM GAS  C:\Users\Austina\AppData\Local\Temp\ccliOVo7.s 			page 28


 1284      6500
 1285              	.LASF68:
 1286 00e1 64774368 		.ascii	"dwChCtlPrioPos\000"
 1286      43746C50 
 1286      72696F50 
 1286      6F7300
 1287              	.LASF11:
 1288 00f0 6C6F6E67 		.ascii	"long long unsigned int\000"
 1288      206C6F6E 
 1288      6720756E 
 1288      7369676E 
 1288      65642069 
 1289              	.LASF72:
 1290 0107 70657269 		.ascii	"periTrCmdOffset\000"
 1290      5472436D 
 1290      644F6666 
 1290      73657400 
 1291              	.LASF115:
 1292 0117 72785269 		.ascii	"rxRingBuf\000"
 1292      6E674275 
 1292      6600
 1293              	.LASF96:
 1294 0121 63707573 		.ascii	"cpussSysTickCtlOffset\000"
 1294      73537973 
 1294      5469636B 
 1294      43746C4F 
 1294      66667365 
 1295              	.LASF122:
 1296 0137 74784275 		.ascii	"txBuf\000"
 1296      6600
 1297              	.LASF57:
 1298 013d 666C6173 		.ascii	"flashPipeRequired\000"
 1298      68506970 
 1298      65526571 
 1298      75697265 
 1298      6400
 1299              	.LASF61:
 1300 014f 666C6173 		.ascii	"flashCtlMainWs0Freq\000"
 1300      6843746C 
 1300      4D61696E 
 1300      57733046 
 1300      72657100 
 1301              	.LASF14:
 1302 0163 696E7431 		.ascii	"int16_t\000"
 1302      365F7400 
 1303              	.LASF10:
 1304 016b 6C6F6E67 		.ascii	"long long int\000"
 1304      206C6F6E 
 1304      6720696E 
 1304      7400
 1305              	.LASF2:
 1306 0179 7369676E 		.ascii	"signed char\000"
 1306      65642063 
 1306      68617200 
 1307              	.LASF77:
 1308 0185 70657269 		.ascii	"periDivCmdTypeSelPos\000"
 1308      44697643 
ARM GAS  C:\Users\Austina\AppData\Local\Temp\ccliOVo7.s 			page 29


 1308      6D645479 
 1308      70655365 
 1308      6C506F73 
 1309              	.LASF23:
 1310 019a 70726F74 		.ascii	"protBase\000"
 1310      42617365 
 1310      00
 1311              	.LASF35:
 1312 01a3 69706356 		.ascii	"ipcVersion\000"
 1312      65727369 
 1312      6F6E00
 1313              	.LASF97:
 1314 01ae 63707573 		.ascii	"cpussCm0NmiCtlOffset\000"
 1314      73436D30 
 1314      4E6D6943 
 1314      746C4F66 
 1314      66736574 
 1315              	.LASF45:
 1316 01c3 73727373 		.ascii	"srssNumClkpath\000"
 1316      4E756D43 
 1316      6C6B7061 
 1316      746800
 1317              	.LASF24:
 1318 01d2 6873696F 		.ascii	"hsiomBase\000"
 1318      6D426173 
 1318      6500
 1319              	.LASF7:
 1320 01dc 6C6F6E67 		.ascii	"long int\000"
 1320      20696E74 
 1320      00
 1321              	.LASF129:
 1322 01e5 55415254 		.ascii	"UART_1_context\000"
 1322      5F315F63 
 1322      6F6E7465 
 1322      787400
 1323              	.LASF55:
 1324 01f4 63727970 		.ascii	"cryptoMemSize\000"
 1324      746F4D65 
 1324      6D53697A 
 1324      6500
 1325              	.LASF21:
 1326 0202 70657269 		.ascii	"periBase\000"
 1326      42617365 
 1326      00
 1327              	.LASF53:
 1328 020b 73797350 		.ascii	"sysPmSimoPresent\000"
 1328      6D53696D 
 1328      6F507265 
 1328      73656E74 
 1328      00
 1329              	.LASF43:
 1330 021c 63707573 		.ascii	"cpussFmIrq\000"
 1330      73466D49 
 1330      727100
 1331              	.LASF108:
 1332 0227 646F7562 		.ascii	"double\000"
 1332      6C6500
ARM GAS  C:\Users\Austina\AppData\Local\Temp\ccliOVo7.s 			page 30


 1333              	.LASF82:
 1334 022e 70657269 		.ascii	"periDiv16_5CtlOffset\000"
 1334      44697631 
 1334      365F3543 
 1334      746C4F66 
 1334      66736574 
 1335              	.LASF46:
 1336 0243 73727373 		.ascii	"srssNumPll\000"
 1336      4E756D50 
 1336      6C6C00
 1337              	.LASF137:
 1338 024e 6D61696E 		.ascii	"main\000"
 1338      00
 1339              	.LASF80:
 1340 0253 70657269 		.ascii	"periDiv8CtlOffset\000"
 1340      44697638 
 1340      43746C4F 
 1340      66667365 
 1340      7400
 1341              	.LASF87:
 1342 0265 6770696F 		.ascii	"gpioPrtCfgOutOffset\000"
 1342      50727443 
 1342      66674F75 
 1342      744F6666 
 1342      73657400 
 1343              	.LASF20:
 1344 0279 666C6173 		.ascii	"flashcBase\000"
 1344      68634261 
 1344      736500
 1345              	.LASF8:
 1346 0284 5F5F7569 		.ascii	"__uint32_t\000"
 1346      6E743332 
 1346      5F7400
 1347              	.LASF50:
 1348 028f 70617373 		.ascii	"passSarChannels\000"
 1348      53617243 
 1348      68616E6E 
 1348      656C7300 
 1349              	.LASF131:
 1350 029f 43795F53 		.ascii	"Cy_SysPm_CpuEnterDeepSleep\000"
 1350      7973506D 
 1350      5F437075 
 1350      456E7465 
 1350      72446565 
 1351              	.LASF4:
 1352 02ba 5F5F696E 		.ascii	"__int16_t\000"
 1352      7431365F 
 1352      7400
 1353              	.LASF121:
 1354 02c4 72784275 		.ascii	"rxBufIdx\000"
 1354      66496478 
 1354      00
 1355              	.LASF93:
 1356 02cd 63707573 		.ascii	"cpussCm4PwrCtlOffset\000"
 1356      73436D34 
 1356      50777243 
 1356      746C4F66 
ARM GAS  C:\Users\Austina\AppData\Local\Temp\ccliOVo7.s 			page 31


 1356      66736574 
 1357              	.LASF123:
 1358 02e2 74784275 		.ascii	"txBufSize\000"
 1358      6653697A 
 1358      6500
 1359              	.LASF88:
 1360 02ec 6770696F 		.ascii	"gpioPrtCfgSioOffset\000"
 1360      50727443 
 1360      66675369 
 1360      6F4F6666 
 1360      73657400 
 1361              	.LASF40:
 1362 0300 63707573 		.ascii	"cpussDwChNr\000"
 1362      73447743 
 1362      684E7200 
 1363              	.LASF12:
 1364 030c 756E7369 		.ascii	"unsigned int\000"
 1364      676E6564 
 1364      20696E74 
 1364      00
 1365              	.LASF15:
 1366 0319 75696E74 		.ascii	"uint16_t\000"
 1366      31365F74 
 1366      00
 1367              	.LASF73:
 1368 0322 70657269 		.ascii	"periTrCmdGrSelMsk\000"
 1368      5472436D 
 1368      64477253 
 1368      656C4D73 
 1368      6B00
 1369              	.LASF62:
 1370 0334 666C6173 		.ascii	"flashCtlMainWs1Freq\000"
 1370      6843746C 
 1370      4D61696E 
 1370      57733146 
 1370      72657100 
 1371              	.LASF9:
 1372 0348 6C6F6E67 		.ascii	"long unsigned int\000"
 1372      20756E73 
 1372      69676E65 
 1372      6420696E 
 1372      7400
 1373              	.LASF112:
 1374 035a 63795F63 		.ascii	"cy_cb_scb_uart_handle_events_t\000"
 1374      625F7363 
 1374      625F7561 
 1374      72745F68 
 1374      616E646C 
 1375              	.LASF38:
 1376 0379 63707573 		.ascii	"cpussIpcNr\000"
 1376      73497063 
 1376      4E7200
 1377              	.LASF25:
 1378 0384 6770696F 		.ascii	"gpioBase\000"
 1378      42617365 
 1378      00
 1379              	.LASF63:
ARM GAS  C:\Users\Austina\AppData\Local\Temp\ccliOVo7.s 			page 32


 1380 038d 666C6173 		.ascii	"flashCtlMainWs2Freq\000"
 1380      6843746C 
 1380      4D61696E 
 1380      57733246 
 1380      72657100 
 1381              	.LASF74:
 1382 03a1 70657269 		.ascii	"periTrGrOffset\000"
 1382      54724772 
 1382      4F666673 
 1382      657400
 1383              	.LASF101:
 1384 03b0 63707573 		.ascii	"cpussRam1Ctl0\000"
 1384      7352616D 
 1384      3143746C 
 1384      3000
 1385              	.LASF125:
 1386 03be 63624576 		.ascii	"cbEvents\000"
 1386      656E7473 
 1386      00
 1387              	.LASF75:
 1388 03c7 70657269 		.ascii	"periTrGrSize\000"
 1388      54724772 
 1388      53697A65 
 1388      00
 1389              	.LASF130:
 1390 03d4 43795F53 		.ascii	"Cy_SysEnableCM4\000"
 1390      7973456E 
 1390      61626C65 
 1390      434D3400 
 1391              	.LASF33:
 1392 03e4 6770696F 		.ascii	"gpioVersion\000"
 1392      56657273 
 1392      696F6E00 
 1393              	.LASF105:
 1394 03f0 63795F73 		.ascii	"cy_stc_device_t\000"
 1394      74635F64 
 1394      65766963 
 1394      655F7400 
 1395              	.LASF51:
 1396 0400 65704D6F 		.ascii	"epMonitorNr\000"
 1396      6E69746F 
 1396      724E7200 
 1397              	.LASF117:
 1398 040c 72785269 		.ascii	"rxRingBufHead\000"
 1398      6E674275 
 1398      66486561 
 1398      6400
 1399              	.LASF94:
 1400 041a 63707573 		.ascii	"cpussTrimRamCtlOffset\000"
 1400      73547269 
 1400      6D52616D 
 1400      43746C4F 
 1400      66667365 
 1401              	.LASF89:
 1402 0430 63707573 		.ascii	"cpussCm0ClockCtlOffset\000"
 1402      73436D30 
 1402      436C6F63 
ARM GAS  C:\Users\Austina\AppData\Local\Temp\ccliOVo7.s 			page 33


 1402      6B43746C 
 1402      4F666673 
 1403              	.LASF29:
 1404 0447 63707573 		.ascii	"cpussVersion\000"
 1404      73566572 
 1404      73696F6E 
 1404      00
 1405              	.LASF134:
 1406 0454 433A5C41 		.ascii	"C:\\Alen\\GitHub_Denzerek\\MTB_Workspace\\PSoC_6\\f"
 1406      6C656E5C 
 1406      47697448 
 1406      75625F44 
 1406      656E7A65 
 1407 0482 6C617368 		.ascii	"lashwriteCode\\CE220120_Blocking_Mode_Flash_Write.c"
 1407      77726974 
 1407      65436F64 
 1407      655C4345 
 1407      32323031 
 1408 04b4 7964736E 		.ascii	"ydsn\000"
 1408      00
 1409              	.LASF36:
 1410 04b9 70657269 		.ascii	"periVersion\000"
 1410      56657273 
 1410      696F6E00 
 1411              	.LASF92:
 1412 04c5 63707573 		.ascii	"cpussCm0StatusOffset\000"
 1412      73436D30 
 1412      53746174 
 1412      75734F66 
 1412      66736574 
 1413              	.LASF17:
 1414 04da 73697A65 		.ascii	"sizetype\000"
 1414      74797065 
 1414      00
 1415              	.LASF66:
 1416 04e3 64774368 		.ascii	"dwChOffset\000"
 1416      4F666673 
 1416      657400
 1417              	.LASF41:
 1418 04ee 63707573 		.ascii	"cpussFlashPaSize\000"
 1418      73466C61 
 1418      73685061 
 1418      53697A65 
 1418      00
 1419              	.LASF79:
 1420 04ff 70657269 		.ascii	"periDivCmdPaTypeSelPos\000"
 1420      44697643 
 1420      6D645061 
 1420      54797065 
 1420      53656C50 
 1421              	.LASF102:
 1422 0516 63707573 		.ascii	"cpussRam2Ctl0\000"
 1422      7352616D 
 1422      3243746C 
 1422      3000
 1423              	.LASF70:
 1424 0524 64775374 		.ascii	"dwStatusChIdxPos\000"
ARM GAS  C:\Users\Austina\AppData\Local\Temp\ccliOVo7.s 			page 34


 1424      61747573 
 1424      43684964 
 1424      78506F73 
 1424      00
 1425              	.LASF52:
 1426 0535 75646250 		.ascii	"udbPresent\000"
 1426      72657365 
 1426      6E7400
 1427              	.LASF114:
 1428 0540 72785374 		.ascii	"rxStatus\000"
 1428      61747573 
 1428      00
 1429              	.LASF32:
 1430 0549 666C6173 		.ascii	"flashcVersion\000"
 1430      68635665 
 1430      7273696F 
 1430      6E00
 1431              	.LASF28:
 1432 0557 63727970 		.ascii	"cryptoBase\000"
 1432      746F4261 
 1432      736500
 1433              	.LASF49:
 1434 0562 736D6966 		.ascii	"smifDeviceNr\000"
 1434      44657669 
 1434      63654E72 
 1434      00
 1435              	.LASF103:
 1436 056f 69706353 		.ascii	"ipcStructSize\000"
 1436      74727563 
 1436      7453697A 
 1436      6500
 1437              	.LASF107:
 1438 057d 666C6F61 		.ascii	"float\000"
 1438      7400
 1439              	.LASF71:
 1440 0583 64775374 		.ascii	"dwStatusChIdxMsk\000"
 1440      61747573 
 1440      43684964 
 1440      784D736B 
 1440      00
 1441              	.LASF128:
 1442 0594 63795F64 		.ascii	"cy_device\000"
 1442      65766963 
 1442      6500
 1443              	.LASF99:
 1444 059e 63707573 		.ascii	"cpussRomCtl\000"
 1444      73526F6D 
 1444      43746C00 
 1445              	.LASF69:
 1446 05aa 64774368 		.ascii	"dwChCtlPreemptablePos\000"
 1446      43746C50 
 1446      7265656D 
 1446      70746162 
 1446      6C65506F 
 1447              	.LASF124:
 1448 05c0 74784C65 		.ascii	"txLeftToTransmit\000"
 1448      6674546F 
ARM GAS  C:\Users\Austina\AppData\Local\Temp\ccliOVo7.s 			page 35


 1448      5472616E 
 1448      736D6974 
 1448      00
 1449              	.LASF22:
 1450 05d1 75646242 		.ascii	"udbBase\000"
 1450      61736500 
 1451              	.LASF111:
 1452 05d9 5F426F6F 		.ascii	"_Bool\000"
 1452      6C00
 1453              	.LASF1:
 1454 05df 756E7369 		.ascii	"unsigned char\000"
 1454      676E6564 
 1454      20636861 
 1454      7200
 1455              	.LASF65:
 1456 05ed 666C6173 		.ascii	"flashCtlMainWs4Freq\000"
 1456      6843746C 
 1456      4D61696E 
 1456      57733446 
 1456      72657100 
 1457              	.LASF0:
 1458 0601 73686F72 		.ascii	"short int\000"
 1458      7420696E 
 1458      7400
 1459              	.LASF76:
 1460 060b 70657269 		.ascii	"periDivCmdDivSelMsk\000"
 1460      44697643 
 1460      6D644469 
 1460      7653656C 
 1460      4D736B00 
 1461              	.LASF47:
 1462 061f 73727373 		.ascii	"srssNumHfroot\000"
 1462      4E756D48 
 1462      66726F6F 
 1462      7400
 1463              	.LASF60:
 1464 062d 666C6173 		.ascii	"flashEraseDelay\000"
 1464      68457261 
 1464      73654465 
 1464      6C617900 
 1465              	.LASF16:
 1466 063d 75696E74 		.ascii	"uint32_t\000"
 1466      33325F74 
 1466      00
 1467              	.LASF98:
 1468 0646 63707573 		.ascii	"cpussCm4NmiCtlOffset\000"
 1468      73436D34 
 1468      4E6D6943 
 1468      746C4F66 
 1468      66736574 
 1469              	.LASF132:
 1470 065b 474E5520 		.ascii	"GNU C11 5.4.1 20160609 (release) [ARM/embedded-5-br"
 1470      43313120 
 1470      352E342E 
 1470      31203230 
 1470      31363036 
 1471 068e 616E6368 		.ascii	"anch revision 237715] -mcpu=cortex-m0plus -mthumb -"
ARM GAS  C:\Users\Austina\AppData\Local\Temp\ccliOVo7.s 			page 36


 1471      20726576 
 1471      6973696F 
 1471      6E203233 
 1471      37373135 
 1472 06c1 67202D4F 		.ascii	"g -Og -ffunction-sections -ffat-lto-objects\000"
 1472      67202D66 
 1472      66756E63 
 1472      74696F6E 
 1472      2D736563 
 1473              	.LASF18:
 1474 06ed 6C6F6E67 		.ascii	"long double\000"
 1474      20646F75 
 1474      626C6500 
 1475              	.LASF106:
 1476 06f9 63686172 		.ascii	"char\000"
 1476      00
 1477              	.LASF37:
 1478 06fe 70726F74 		.ascii	"protVersion\000"
 1478      56657273 
 1478      696F6E00 
 1479              	.LASF100:
 1480 070a 63707573 		.ascii	"cpussRam0Ctl0\000"
 1480      7352616D 
 1480      3043746C 
 1480      3000
 1481              	.LASF5:
 1482 0718 5F5F7569 		.ascii	"__uint16_t\000"
 1482      6E743136 
 1482      5F7400
 1483              	.LASF81:
 1484 0723 70657269 		.ascii	"periDiv16CtlOffset\000"
 1484      44697631 
 1484      3643746C 
 1484      4F666673 
 1484      657400
 1485              	.LASF110:
 1486 0736 43595F53 		.ascii	"CY_SYSPM_WAIT_FOR_EVENT\000"
 1486      5953504D 
 1486      5F574149 
 1486      545F464F 
 1486      525F4556 
 1487              	.LASF34:
 1488 074e 6873696F 		.ascii	"hsiomVersion\000"
 1488      6D566572 
 1488      73696F6E 
 1488      00
 1489              	.LASF59:
 1490 075b 666C6173 		.ascii	"flashProgramDelay\000"
 1490      6850726F 
 1490      6772616D 
 1490      44656C61 
 1490      7900
 1491              	.LASF116:
 1492 076d 72785269 		.ascii	"rxRingBufSize\000"
 1492      6E674275 
 1492      6653697A 
 1492      6500
ARM GAS  C:\Users\Austina\AppData\Local\Temp\ccliOVo7.s 			page 37


 1493              	.LASF6:
 1494 077b 73686F72 		.ascii	"short unsigned int\000"
 1494      7420756E 
 1494      7369676E 
 1494      65642069 
 1494      6E7400
 1495              	.LASF67:
 1496 078e 64774368 		.ascii	"dwChSize\000"
 1496      53697A65 
 1496      00
 1497              	.LASF109:
 1498 0797 43595F53 		.ascii	"CY_SYSPM_WAIT_FOR_INTERRUPT\000"
 1498      5953504D 
 1498      5F574149 
 1498      545F464F 
 1498      525F494E 
 1499              	.LASF42:
 1500 07b3 63707573 		.ascii	"cpussIpc0Irq\000"
 1500      73497063 
 1500      30497271 
 1500      00
 1501              	.LASF85:
 1502 07c0 6770696F 		.ascii	"gpioPrtCfgOffset\000"
 1502      50727443 
 1502      66674F66 
 1502      66736574 
 1502      00
 1503              	.LASF126:
 1504 07d1 696E6974 		.ascii	"initKey\000"
 1504      4B657900 
 1505              	.LASF119:
 1506 07d9 72784275 		.ascii	"rxBuf\000"
 1506      6600
 1507              	.LASF127:
 1508 07df 63795F73 		.ascii	"cy_stc_scb_uart_context_t\000"
 1508      74635F73 
 1508      63625F75 
 1508      6172745F 
 1508      636F6E74 
 1509              	.LASF44:
 1510 07f9 63707573 		.ascii	"cpussNotConnectedIrq\000"
 1510      734E6F74 
 1510      436F6E6E 
 1510      65637465 
 1510      64497271 
 1511              	.LASF58:
 1512 080e 666C6173 		.ascii	"flashWriteDelay\000"
 1512      68577269 
 1512      74654465 
 1512      6C617900 
 1513              	.LASF13:
 1514 081e 75696E74 		.ascii	"uint8_t\000"
 1514      385F7400 
 1515              	.LASF91:
 1516 0826 63707573 		.ascii	"cpussCm4StatusOffset\000"
 1516      73436D34 
 1516      53746174 
ARM GAS  C:\Users\Austina\AppData\Local\Temp\ccliOVo7.s 			page 38


 1516      75734F66 
 1516      66736574 
 1517              	.LASF84:
 1518 083b 6770696F 		.ascii	"gpioPrtIntrCfgOffset\000"
 1518      50727449 
 1518      6E747243 
 1518      66674F66 
 1518      66736574 
 1519              	.LASF118:
 1520 0850 72785269 		.ascii	"rxRingBufTail\000"
 1520      6E674275 
 1520      66546169 
 1520      6C00
 1521              	.LASF95:
 1522 085e 63707573 		.ascii	"cpussTrimRomCtlOffset\000"
 1522      73547269 
 1522      6D526F6D 
 1522      43746C4F 
 1522      66667365 
 1523              	.LASF113:
 1524 0874 74785374 		.ascii	"txStatus\000"
 1524      61747573 
 1524      00
 1525              	.LASF31:
 1526 087d 64775665 		.ascii	"dwVersion\000"
 1526      7273696F 
 1526      6E00
 1527              	.LASF27:
 1528 0887 69706342 		.ascii	"ipcBase\000"
 1528      61736500 
 1529              	.LASF78:
 1530 088f 70657269 		.ascii	"periDivCmdPaDivSelPos\000"
 1530      44697643 
 1530      6D645061 
 1530      44697653 
 1530      656C506F 
 1531              	.LASF135:
 1532 08a5 63795F73 		.ascii	"cy_stc_scb_uart_context\000"
 1532      74635F73 
 1532      63625F75 
 1532      6172745F 
 1532      636F6E74 
 1533              	.LASF56:
 1534 08bd 666C6173 		.ascii	"flashRwwRequired\000"
 1534      68527777 
 1534      52657175 
 1534      69726564 
 1534      00
 1535              		.ident	"GCC: (GNU Tools for ARM Embedded Processors) 5.4.1 20160609 (release) [ARM/embedded-5-bran
