Checking if remote manifest is accessible...
Getting manifests from remote server...

Processing super-manifest https://github.com/cypresssemiconductorco/mtb-super-manifest/raw/v2.X/mtb-super-manifest-fv2.xml...
Successfully acquired the information.

Summary: 

BSP: CY8CPROTO-062-4343W
Template Application(s): Empty PSoC6 App
Application(s) Root Path: C:/Alen/GitHub_Denzerek/MTB_Workspace/PSoC_6_USB

Press "Create" to create the selected application(s).
Collecting application data...

Summary: 

BSP: CY8CPROTO-062-4343W
Template Application(s): Empty PSoC6 App
Application(s) Root Path: C:/Alen/GitHub_Denzerek/MTB_Workspace/PSoC_6_USB

Press "Create" to create the selected application(s).
Collecting application data...


Info: The following entered on the command line will create the exact same project as that created with the GUI tool:
C:/Users/Austina/ModusToolbox/tools_2.4/project-creator/project-creator-cli.exe --board-id CY8CPROTO-062-4343W --board-uri https://github.com/cypresssemiconductorco/TARGET_CY8CPROTO-062-4343W --board-commit latest-v3.X --app-id mtb-example-psoc6-empty-app --app-uri https://github.com/cypresssemiconductorco/mtb-example-psoc6-empty-app --app-commit latest-v3.X --cypress-tools C:/Users/Austina/ModusToolbox/tools_2.4 --target-dir C:/Alen/GitHub_Denzerek/MTB_Workspace/PSoC_6_USB --user-app-name USBHID_Generic_DataTransfer --output-for-machine --use-modus-shell


==============================================================================
= Cloning 'mtb-example-psoc6-empty-app' =
==============================================================================
Cloning https://github.com/cypresssemiconductorco/mtb-example-psoc6-empty-app into C:/Alen/GitHub_Denzerek/MTB_Workspace/PSoC_6_USB directory...
env git clone --progress --origin cypress https://github.com/cypresssemiconductorco/mtb-example-psoc6-empty-app USBHID_Generic_DataTransfer
Cloning into 'USBHID_Generic_DataTransfer'...
remote: Enumerating objects: 40, done.        
remote: Counting objects: 100% (40/40), done.        
remote: Compressing objects: 100% (24/24), done.        
remote: Total 40 (delta 14), reused 35 (delta 12), pack-reused 0        
Receiving objects: 100% (40/40), 73.13 KiB | 6.65 MiB/s, done.
Resolving deltas: 100% (14/14), done.

Checking out latest-v3.X...
env git checkout --progress latest-v3.X
Note: switching to 'latest-v3.X'.

You are in 'detached HEAD' state. You can look around, make experimental
changes and commit them, and you can discard any commits you make in this
state without impacting any branches by switching back to a branch.

If you want to create a new branch to retain commits you create, you may
do so (now or later) by using -c with the switch command. Example:

  git switch -c <new-branch-name>

Or undo this operation with:

  git switch -

Turn off this advice by setting config variable advice.detachedHead to false

HEAD is now at a9e053c Upload mtb-example-psoc6-empty-app 3.0.0.181

==============================================================================
= Creating "TARGET_CY8CPROTO-062-4343W.mtb" file(s) =
==============================================================================
C:/Alen/GitHub_Denzerek/MTB_Workspace/PSoC_6_USB/USBHID_Generic_DataTransfer/deps/TARGET_CY8CPROTO-062-4343W.mtb was updated

==============================================================================
= Updating Makefile for "USBHID_Generic_DataTransfer" =
==============================================================================

==============================================================================
= Applying the Latest Version Locking for "USBHID_Generic_DataTransfer" =
==============================================================================
C:/Alen/GitHub_Denzerek/MTB_Workspace/PSoC_6_USB/USBHID_Generic_DataTransfer/deps/TARGET_CY8CPROTO-062-4343W.mtb was updated

==============================================================================
= Getting Dependencies for "USBHID_Generic_DataTransfer" =
==============================================================================
C:/Users/Austina/ModusToolbox/tools_2.4/modus-shell/bin/make.exe getlibs CY_TOOLS_PATHS=C:/Users/Austina/ModusToolbox/tools_2.4
Tools Directory: C:/Users/Austina/ModusToolbox/tools_2.4

==============================================================================
= Importing libraries =
==============================================================================
Git is git version 2.33.0, found at /usr/bin/git

Resolving dependencies...
Checking if remote manifest is accessible...
Getting manifests from remote server...
Processing super-manifest https://github.com/cypresssemiconductorco/mtb-super-manifest/raw/v2.X/mtb-super-manifest-fv2.xml...
Successfully acquired the information.
INFO - Warning: Multiple versions of "core-make" requested. Keeping version "latest-v1.X" and discarding version "release-v1.9.0".
C:/Alen/GitHub_Denzerek/MTB_Workspace/PSoC_6_USB/USBHID_Generic_DataTransfer/libs/capsense.mtb was added
C:/Alen/GitHub_Denzerek/MTB_Workspace/PSoC_6_USB/USBHID_Generic_DataTransfer/libs/core-lib.mtb was added
C:/Alen/GitHub_Denzerek/MTB_Workspace/PSoC_6_USB/USBHID_Generic_DataTransfer/libs/core-make.mtb was added
C:/Alen/GitHub_Denzerek/MTB_Workspace/PSoC_6_USB/USBHID_Generic_DataTransfer/libs/mtb-hal-cat1.mtb was added
C:/Alen/GitHub_Denzerek/MTB_Workspace/PSoC_6_USB/USBHID_Generic_DataTransfer/libs/mtb-pdl-cat1.mtb was added
C:/Alen/GitHub_Denzerek/MTB_Workspace/PSoC_6_USB/USBHID_Generic_DataTransfer/libs/psoc6cm0p.mtb was added
C:/Alen/GitHub_Denzerek/MTB_Workspace/PSoC_6_USB/USBHID_Generic_DataTransfer/libs/recipe-make-cat1a.mtb was added
Dependencies resolved.

Searching application directory (.mtb)...
Found 8 .mtb file(s)
    Processing file "C:/Alen/GitHub_Denzerek/MTB_Workspace/PSoC_6_USB/USBHID_Generic_DataTransfer/deps/TARGET_CY8CPROTO-062-4343W.mtb"
    Processing file "C:/Alen/GitHub_Denzerek/MTB_Workspace/PSoC_6_USB/USBHID_Generic_DataTransfer/libs/capsense.mtb"
    Processing file "C:/Alen/GitHub_Denzerek/MTB_Workspace/PSoC_6_USB/USBHID_Generic_DataTransfer/libs/core-lib.mtb"
    Processing file "C:/Alen/GitHub_Denzerek/MTB_Workspace/PSoC_6_USB/USBHID_Generic_DataTransfer/libs/core-make.mtb"
    Processing file "C:/Alen/GitHub_Denzerek/MTB_Workspace/PSoC_6_USB/USBHID_Generic_DataTransfer/libs/mtb-hal-cat1.mtb"
    Processing file "C:/Alen/GitHub_Denzerek/MTB_Workspace/PSoC_6_USB/USBHID_Generic_DataTransfer/libs/mtb-pdl-cat1.mtb"
    Processing file "C:/Alen/GitHub_Denzerek/MTB_Workspace/PSoC_6_USB/USBHID_Generic_DataTransfer/libs/psoc6cm0p.mtb"
    Processing file "C:/Alen/GitHub_Denzerek/MTB_Workspace/PSoC_6_USB/USBHID_Generic_DataTransfer/libs/recipe-make-cat1a.mtb"
Libraries processed.
Created file "C:/Alen/GitHub_Denzerek/MTB_Workspace/PSoC_6_USB/USBHID_Generic_DataTransfer/libs/mtb.mk".


==============================================================================
= Import complete =
==============================================================================

Project "USBHID_Generic_DataTransfer" created successfully.
==============================================================================
= Export "USBHID_Generic_DataTransfer" application to Eclipse IDE for ModusToolbox™ =
==============================================================================
C:/Users/Austina/ModusToolbox/tools_2.4/modus-shell/bin/make.exe eclipse CY_IDE_PRJNAME=USBHID_Generic_DataTransfer CY_MAKE_IDE=eclipse CY_MAKE_IDE_VERSION=2.4 CY_TOOLS_PATHS=C:/Users/Austina/ModusToolbox/tools_2.4
Tools Directory: C:/Users/Austina/ModusToolbox/tools_2.4
CY8CPROTO-062-4343W.mk: ./libs/TARGET_CY8CPROTO-062-4343W/CY8CPROTO-062-4343W.mk

Running device-configurator to update stale files...
Log file= "C:/Users/Austina/AppData/Local/Temp/device-configurator-cli/device-configurator-cli-20220125.134219.887-25400.log"
Command line= "C:/Users/Austina/ModusToolbox/tools_2.4/device-configurator/device-configurator-cli.exe --library ../mtb_shared/mtb-pdl-cat1/release-v2.3.1/devicesupport.xml --build ./libs/TARGET_CY8CPROTO-062-4343W/COMPONENT_BSP_DESIGN_MODUS/design.modus --check-mcu=CY8C624ABZI-S2D44 --check-coprocessors=CYW4343WKUBG --readonly"
INFO: The design file was last saved with a different version of the tools than was used to perform code generation. Last saved with: Tools Package 2.4.0.5721. Current: Tools Package 2.4.0.5972 (C:/Users/Austina/ModusToolbox/tools_2.4)
-> Generated device configuration file(s) in ./libs/TARGET_CY8CPROTO-062-4343W/COMPONENT_BSP_DESIGN_MODUS/GeneratedSource

Prebuild operations complete
Commencing build operations...

Tools Directory: C:/Users/Austina/ModusToolbox/tools_2.4
CY8CPROTO-062-4343W.mk: ./libs/TARGET_CY8CPROTO-062-4343W/CY8CPROTO-062-4343W.mk

Initializing build: mtb-example-psoc6-empty-app Debug CY8CPROTO-062-4343W GCC_ARM

Auto-discovery in progress...
-> Found 193 .c file(s)
-> Found 46 .S file(s)
-> Found 22 .s file(s)
-> Found 0 .cpp file(s)
-> Found 0 .o file(s)
-> Found 6 .a file(s)
-> Found 504 .h file(s)
-> Found 0 .hpp file(s)
-> Found 0 resource file(s)
Applying filters...
Auto-discovery complete

Constructing build rules...
Build rules construction complete

==============================================================================
= Generating IDE files =
==============================================================================

Generated Eclipse launch config files:  "USBHID_Generic_DataTransfer Attach (JLink).launch" "USBHID_Generic_DataTransfer Attach (KitProg3_MiniProg4).launch" "USBHID_Generic_DataTransfer Debug (JLink).launch" "USBHID_Generic_DataTransfer Debug (KitProg3_MiniProg4).launch" "USBHID_Generic_DataTransfer Erase (JLink).launch" "USBHID_Generic_DataTransfer Erase (KitProg3_MiniProg4).launch" "USBHID_Generic_DataTransfer Program (JLink).launch" "USBHID_Generic_DataTransfer Program (KitProg3_MiniProg4).launch"
  
The project "USBHID_Generic_DataTransfer" was successfully exported to Eclipse IDE for ModusToolbox™.

Successfully created and exported "USBHID_Generic_DataTransfer" application.
